{"C:\\Users\\Admin\\stellar-burgers\\src\\components\\index.ts": {"path":"C:\\Users\\Admin\\stellar-burgers\\src\\components\\index.ts","statementMap":{"0":{"start":{"line":1,"column":0},"end":{"line":1,"column":29}},"1":{"start":{"line":2,"column":0},"end":{"line":2,"column":37}},"2":{"start":{"line":3,"column":0},"end":{"line":3,"column":45}},"3":{"start":{"line":4,"column":0},"end":{"line":4,"column":36}},"4":{"start":{"line":5,"column":0},"end":{"line":5,"column":37}},"5":{"start":{"line":6,"column":0},"end":{"line":6,"column":28}},"6":{"start":{"line":7,"column":0},"end":{"line":7,"column":37}},"7":{"start":{"line":8,"column":0},"end":{"line":8,"column":39}},"8":{"start":{"line":9,"column":0},"end":{"line":9,"column":24}},"9":{"start":{"line":10,"column":0},"end":{"line":10,"column":29}},"10":{"start":{"line":11,"column":0},"end":{"line":11,"column":29}},"11":{"start":{"line":12,"column":0},"end":{"line":12,"column":31}},"12":{"start":{"line":13,"column":0},"end":{"line":13,"column":30}},"13":{"start":{"line":14,"column":0},"end":{"line":14,"column":31}}},"fnMap":{},"branchMap":{},"s":{"0":2,"1":2,"2":2,"3":2,"4":2,"5":2,"6":2,"7":2,"8":2,"9":2,"10":2,"11":2,"12":2,"13":2},"f":{},"b":{}}
,"C:\\Users\\Admin\\stellar-burgers\\src\\components\\app-header\\app-header.tsx": {"path":"C:\\Users\\Admin\\stellar-burgers\\src\\components\\app-header\\app-header.tsx","statementMap":{"0":{"start":{"line":2,"column":0},"end":{"line":2,"column":54}},"1":{"start":{"line":3,"column":0},"end":{"line":3,"column":66}},"2":{"start":{"line":4,"column":0},"end":{"line":4,"column":34}},"3":{"start":{"line":6,"column":29},"end":{"line":10,"column":1}},"4":{"start":{"line":7,"column":19},"end":{"line":7,"column":49}},"5":{"start":{"line":9,"column":2},"end":{"line":9,"column":45}},"6":{"start":{"line":6,"column":13},"end":{"line":6,"column":29}}},"fnMap":{"0":{"name":"(anonymous_0)","decl":{"start":{"line":6,"column":29},"end":{"line":6,"column":32}},"loc":{"start":{"line":6,"column":34},"end":{"line":10,"column":1}}}},"branchMap":{},"s":{"0":2,"1":2,"2":2,"3":2,"4":0,"5":0,"6":2},"f":{"0":0},"b":{}}
,"C:\\Users\\Admin\\stellar-burgers\\src\\components\\app-header\\index.ts": {"path":"C:\\Users\\Admin\\stellar-burgers\\src\\components\\app-header\\index.ts","statementMap":{"0":{"start":{"line":1,"column":0},"end":{"line":1,"column":9}},"1":{"start":{"line":1,"column":9},"end":{"line":1,"column":41}}},"fnMap":{"0":{"name":"(anonymous_0)","decl":{"start":{"line":1,"column":9},"end":{"line":1,"column":18}},"loc":{"start":{"line":1,"column":9},"end":{"line":1,"column":41}}}},"branchMap":{},"s":{"0":2,"1":2},"f":{"0":0},"b":{}}
,"C:\\Users\\Admin\\stellar-burgers\\src\\components\\burger-constructor\\burger-constructor.tsx": {"path":"C:\\Users\\Admin\\stellar-burgers\\src\\components\\burger-constructor\\burger-constructor.tsx","statementMap":{"0":{"start":{"line":1,"column":0},"end":{"line":1,"column":70}},"1":{"start":{"line":2,"column":0},"end":{"line":2,"column":70}},"2":{"start":{"line":3,"column":0},"end":{"line":3,"column":42}},"3":{"start":{"line":4,"column":0},"end":{"line":4,"column":null}},"4":{"start":{"line":8,"column":0},"end":{"line":8,"column":null}},"5":{"start":{"line":12,"column":0},"end":{"line":12,"column":76}},"6":{"start":{"line":13,"column":0},"end":{"line":13,"column":75}},"7":{"start":{"line":14,"column":0},"end":{"line":14,"column":60}},"8":{"start":{"line":15,"column":0},"end":{"line":15,"column":null}},"9":{"start":{"line":19,"column":0},"end":{"line":19,"column":75}},"10":{"start":{"line":28,"column":37},"end":{"line":241,"column":1}},"11":{"start":{"line":29,"column":19},"end":{"line":29,"column":35}},"12":{"start":{"line":30,"column":19},"end":{"line":30,"column":32}},"13":{"start":{"line":31,"column":19},"end":{"line":31,"column":32}},"14":{"start":{"line":33,"column":34},"end":{"line":33,"column":70}},"15":{"start":{"line":34,"column":56},"end":{"line":35,"column":null}},"16":{"start":{"line":37,"column":23},"end":{"line":37,"column":57}},"17":{"start":{"line":38,"column":25},"end":{"line":38,"column":61}},"18":{"start":{"line":39,"column":26},"end":{"line":39,"column":63}},"19":{"start":{"line":40,"column":22},"end":{"line":40,"column":55}},"20":{"start":{"line":42,"column":36},"end":{"line":42,"column":56}},"21":{"start":{"line":43,"column":36},"end":{"line":43,"column":50}},"22":{"start":{"line":46,"column":27},"end":{"line":49,"column":19}},"23":{"start":{"line":47,"column":4},"end":{"line":47,"column":63}},"24":{"start":{"line":47,"column":53},"end":{"line":47,"column":63}},"25":{"start":{"line":48,"column":4},"end":{"line":48,"column":58}},"26":{"start":{"line":48,"column":40},"end":{"line":48,"column":56}},"27":{"start":{"line":52,"column":25},"end":{"line":52,"column":58}},"28":{"start":{"line":55,"column":27},"end":{"line":57,"column":null}},"29":{"start":{"line":56,"column":10},"end":{"line":56,"column":73}},"30":{"start":{"line":61,"column":2},"end":{"line":65,"column":12}},"31":{"start":{"line":62,"column":4},"end":{"line":64,"column":5}},"32":{"start":{"line":63,"column":6},"end":{"line":63,"column":26}},"33":{"start":{"line":67,"column":2},"end":{"line":71,"column":37}},"34":{"start":{"line":68,"column":4},"end":{"line":68,"column":65}},"35":{"start":{"line":69,"column":4},"end":{"line":69,"column":73}},"36":{"start":{"line":70,"column":4},"end":{"line":70,"column":38}},"37":{"start":{"line":70,"column":21},"end":{"line":70,"column":38}},"38":{"start":{"line":73,"column":16},"end":{"line":88,"column":29}},"39":{"start":{"line":74,"column":4},"end":{"line":74,"column":23}},"40":{"start":{"line":74,"column":14},"end":{"line":74,"column":23}},"41":{"start":{"line":76,"column":21},"end":{"line":76,"column":35}},"42":{"start":{"line":77,"column":29},"end":{"line":79,"column":null}},"43":{"start":{"line":78,"column":21},"end":{"line":78,"column":null}},"44":{"start":{"line":81,"column":23},"end":{"line":81,"column":54}},"45":{"start":{"line":82,"column":4},"end":{"line":86,"column":7}},"46":{"start":{"line":87,"column":4},"end":{"line":87,"column":22}},"47":{"start":{"line":90,"column":24},"end":{"line":104,"column":29}},"48":{"start":{"line":91,"column":4},"end":{"line":93,"column":5}},"49":{"start":{"line":92,"column":6},"end":{"line":92,"column":16}},"50":{"start":{"line":96,"column":16},"end":{"line":100,"column":6}},"51":{"start":{"line":98,"column":39},"end":{"line":98,"column":46}},"52":{"start":{"line":102,"column":4},"end":{"line":102,"column":80}},"53":{"start":{"line":103,"column":4},"end":{"line":103,"column":15}},"54":{"start":{"line":106,"column":27},"end":{"line":193,"column":4}},"55":{"start":{"line":106,"column":50},"end":{"line":184,"column":5}},"56":{"start":{"line":107,"column":4},"end":{"line":107,"column":52}},"57":{"start":{"line":108,"column":4},"end":{"line":108,"column":51}},"58":{"start":{"line":110,"column":4},"end":{"line":110,"column":21}},"59":{"start":{"line":112,"column":4},"end":{"line":119,"column":5}},"60":{"start":{"line":113,"column":6},"end":{"line":113,"column":46}},"61":{"start":{"line":114,"column":6},"end":{"line":116,"column":8}},"62":{"start":{"line":117,"column":6},"end":{"line":117,"column":25}},"63":{"start":{"line":118,"column":6},"end":{"line":118,"column":13}},"64":{"start":{"line":121,"column":4},"end":{"line":129,"column":5}},"65":{"start":{"line":122,"column":6},"end":{"line":122,"column":77}},"66":{"start":{"line":123,"column":6},"end":{"line":126,"column":9}},"67":{"start":{"line":127,"column":6},"end":{"line":127,"column":25}},"68":{"start":{"line":128,"column":6},"end":{"line":128,"column":13}},"69":{"start":{"line":131,"column":4},"end":{"line":138,"column":5}},"70":{"start":{"line":132,"column":6},"end":{"line":132,"column":47}},"71":{"start":{"line":133,"column":6},"end":{"line":135,"column":8}},"72":{"start":{"line":136,"column":6},"end":{"line":136,"column":25}},"73":{"start":{"line":137,"column":6},"end":{"line":137,"column":13}},"74":{"start":{"line":140,"column":4},"end":{"line":147,"column":5}},"75":{"start":{"line":141,"column":6},"end":{"line":141,"column":77}},"76":{"start":{"line":142,"column":6},"end":{"line":144,"column":8}},"77":{"start":{"line":145,"column":6},"end":{"line":145,"column":25}},"78":{"start":{"line":146,"column":6},"end":{"line":146,"column":13}},"79":{"start":{"line":149,"column":4},"end":{"line":149,"column":71}},"80":{"start":{"line":150,"column":4},"end":{"line":150,"column":68}},"81":{"start":{"line":152,"column":4},"end":{"line":183,"column":5}},"82":{"start":{"line":153,"column":6},"end":{"line":153,"column":58}},"83":{"start":{"line":154,"column":6},"end":{"line":154,"column":63}},"84":{"start":{"line":155,"column":6},"end":{"line":155,"column":35}},"85":{"start":{"line":157,"column":6},"end":{"line":157,"column":58}},"86":{"start":{"line":158,"column":6},"end":{"line":158,"column":55}},"87":{"start":{"line":160,"column":20},"end":{"line":160,"column":40}},"88":{"start":{"line":162,"column":6},"end":{"line":179,"column":7}},"89":{"start":{"line":163,"column":8},"end":{"line":163,"column":62}},"90":{"start":{"line":164,"column":8},"end":{"line":164,"column":46}},"91":{"start":{"line":165,"column":8},"end":{"line":168,"column":11}},"92":{"start":{"line":169,"column":13},"end":{"line":179,"column":7}},"93":{"start":{"line":170,"column":8},"end":{"line":170,"column":36}},"94":{"start":{"line":171,"column":8},"end":{"line":171,"column":29}},"95":{"start":{"line":172,"column":8},"end":{"line":172,"column":52}},"96":{"start":{"line":174,"column":8},"end":{"line":176,"column":10}},"97":{"start":{"line":177,"column":8},"end":{"line":177,"column":79}},"98":{"start":{"line":178,"column":8},"end":{"line":178,"column":64}},"99":{"start":{"line":180,"column":6},"end":{"line":180,"column":29}},"100":{"start":{"line":182,"column":6},"end":{"line":182,"column":25}},"101":{"start":{"line":195,"column":26},"end":{"line":199,"column":16}},"102":{"start":{"line":196,"column":4},"end":{"line":196,"column":27}},"103":{"start":{"line":197,"column":4},"end":{"line":197,"column":21}},"104":{"start":{"line":198,"column":4},"end":{"line":198,"column":68}},"105":{"start":{"line":202,"column":33},"end":{"line":210,"column":null}},"106":{"start":{"line":204,"column":6},"end":{"line":207,"column":8}},"107":{"start":{"line":208,"column":6},"end":{"line":208,"column":47}},"108":{"start":{"line":213,"column":27},"end":{"line":216,"column":4}},"109":{"start":{"line":218,"column":2},"end":{"line":227,"column":5}},"110":{"start":{"line":229,"column":2},"end":{"line":240,"column":4}},"111":{"start":{"line":28,"column":13},"end":{"line":28,"column":37}}},"fnMap":{"0":{"name":"(anonymous_7)","decl":{"start":{"line":28,"column":37},"end":{"line":28,"column":40}},"loc":{"start":{"line":28,"column":42},"end":{"line":241,"column":1}}},"1":{"name":"(anonymous_8)","decl":{"start":{"line":46,"column":35},"end":{"line":46,"column":38}},"loc":{"start":{"line":46,"column":40},"end":{"line":49,"column":3}}},"2":{"name":"(anonymous_9)","decl":{"start":{"line":48,"column":30},"end":{"line":48,"column":31}},"loc":{"start":{"line":48,"column":40},"end":{"line":48,"column":56}}},"3":{"name":"(anonymous_10)","decl":{"start":{"line":56,"column":4},"end":{"line":56,"column":7}},"loc":{"start":{"line":56,"column":10},"end":{"line":56,"column":73}}},"4":{"name":"(anonymous_11)","decl":{"start":{"line":61,"column":12},"end":{"line":61,"column":15}},"loc":{"start":{"line":61,"column":17},"end":{"line":65,"column":3}}},"5":{"name":"(anonymous_12)","decl":{"start":{"line":67,"column":12},"end":{"line":67,"column":15}},"loc":{"start":{"line":67,"column":17},"end":{"line":71,"column":3}}},"6":{"name":"(anonymous_13)","decl":{"start":{"line":73,"column":24},"end":{"line":73,"column":27}},"loc":{"start":{"line":73,"column":29},"end":{"line":88,"column":3}}},"7":{"name":"(anonymous_14)","decl":{"start":{"line":78,"column":6},"end":{"line":78,"column":7}},"loc":{"start":{"line":78,"column":20},"end":{"line":78,"column":null}}},"8":{"name":"(anonymous_15)","decl":{"start":{"line":90,"column":32},"end":{"line":90,"column":35}},"loc":{"start":{"line":90,"column":37},"end":{"line":104,"column":3}}},"9":{"name":"(anonymous_16)","decl":{"start":{"line":98,"column":30},"end":{"line":98,"column":31}},"loc":{"start":{"line":98,"column":39},"end":{"line":98,"column":46}}},"10":{"name":"(anonymous_17)","decl":{"start":{"line":106,"column":39},"end":{"line":106,"column":48}},"loc":{"start":{"line":106,"column":50},"end":{"line":184,"column":5}}},"11":{"name":"(anonymous_18)","decl":{"start":{"line":106,"column":50},"end":{"line":106,"column":null}},"loc":{"start":{"line":106,"column":50},"end":{"line":184,"column":3}}},"12":{"name":"(anonymous_19)","decl":{"start":{"line":195,"column":38},"end":{"line":195,"column":41}},"loc":{"start":{"line":195,"column":43},"end":{"line":199,"column":3}}},"13":{"name":"(anonymous_20)","decl":{"start":{"line":203,"column":4},"end":{"line":203,"column":5}},"loc":{"start":{"line":203,"column":29},"end":{"line":209,"column":5}}}},"branchMap":{"0":{"loc":{"start":{"line":47,"column":4},"end":{"line":47,"column":63}},"type":"if","locations":[{"start":{"line":47,"column":4},"end":{"line":47,"column":63}}]},"1":{"loc":{"start":{"line":47,"column":8},"end":{"line":47,"column":51}},"type":"binary-expr","locations":[{"start":{"line":47,"column":8},"end":{"line":47,"column":20}},{"start":{"line":47,"column":24},"end":{"line":47,"column":51}}]},"2":{"loc":{"start":{"line":48,"column":40},"end":{"line":48,"column":56}},"type":"binary-expr","locations":[{"start":{"line":48,"column":40},"end":{"line":48,"column":44}},{"start":{"line":48,"column":48},"end":{"line":48,"column":56}}]},"3":{"loc":{"start":{"line":52,"column":25},"end":{"line":52,"column":58}},"type":"binary-expr","locations":[{"start":{"line":52,"column":25},"end":{"line":52,"column":41}},{"start":{"line":52,"column":45},"end":{"line":52,"column":58}}]},"4":{"loc":{"start":{"line":56,"column":10},"end":{"line":56,"column":73}},"type":"binary-expr","locations":[{"start":{"line":56,"column":10},"end":{"line":56,"column":22}},{"start":{"line":56,"column":26},"end":{"line":56,"column":38}},{"start":{"line":56,"column":42},"end":{"line":56,"column":53}},{"start":{"line":56,"column":57},"end":{"line":56,"column":61}},{"start":{"line":56,"column":65},"end":{"line":56,"column":73}}]},"5":{"loc":{"start":{"line":62,"column":4},"end":{"line":64,"column":5}},"type":"if","locations":[{"start":{"line":62,"column":4},"end":{"line":64,"column":5}}]},"6":{"loc":{"start":{"line":70,"column":4},"end":{"line":70,"column":38}},"type":"if","locations":[{"start":{"line":70,"column":4},"end":{"line":70,"column":38}}]},"7":{"loc":{"start":{"line":74,"column":4},"end":{"line":74,"column":23}},"type":"if","locations":[{"start":{"line":74,"column":4},"end":{"line":74,"column":23}}]},"8":{"loc":{"start":{"line":76,"column":21},"end":{"line":76,"column":35}},"type":"cond-expr","locations":[{"start":{"line":76,"column":30},"end":{"line":76,"column":34}},{"start":{"line":76,"column":34},"end":{"line":76,"column":35}}]},"9":{"loc":{"start":{"line":76,"column":21},"end":{"line":76,"column":34}},"type":"binary-expr","locations":[{"start":{"line":76,"column":21},"end":{"line":76,"column":34}},{"start":{"line":76,"column":30},"end":{"line":76,"column":34}}]},"10":{"loc":{"start":{"line":78,"column":28},"end":{"line":78,"column":43}},"type":"cond-expr","locations":[{"start":{"line":78,"column":38},"end":{"line":78,"column":42}},{"start":{"line":78,"column":42},"end":{"line":78,"column":43}}]},"11":{"loc":{"start":{"line":78,"column":28},"end":{"line":78,"column":42}},"type":"binary-expr","locations":[{"start":{"line":78,"column":28},"end":{"line":78,"column":42}},{"start":{"line":78,"column":38},"end":{"line":78,"column":42}}]},"12":{"loc":{"start":{"line":91,"column":4},"end":{"line":93,"column":5}},"type":"if","locations":[{"start":{"line":91,"column":4},"end":{"line":93,"column":5}}]},"13":{"loc":{"start":{"line":91,"column":8},"end":{"line":91,"column":24}},"type":"binary-expr","locations":[{"start":{"line":91,"column":8},"end":{"line":91,"column":12}},{"start":{"line":91,"column":16},"end":{"line":91,"column":24}}]},"14":{"loc":{"start":{"line":112,"column":4},"end":{"line":119,"column":5}},"type":"if","locations":[{"start":{"line":112,"column":4},"end":{"line":119,"column":5}}]},"15":{"loc":{"start":{"line":121,"column":4},"end":{"line":129,"column":5}},"type":"if","locations":[{"start":{"line":121,"column":4},"end":{"line":129,"column":5}}]},"16":{"loc":{"start":{"line":131,"column":4},"end":{"line":138,"column":5}},"type":"if","locations":[{"start":{"line":131,"column":4},"end":{"line":138,"column":5}}]},"17":{"loc":{"start":{"line":140,"column":4},"end":{"line":147,"column":5}},"type":"if","locations":[{"start":{"line":140,"column":4},"end":{"line":147,"column":5}}]},"18":{"loc":{"start":{"line":162,"column":6},"end":{"line":179,"column":7}},"type":"if","locations":[{"start":{"line":162,"column":6},"end":{"line":179,"column":7}},{"start":{"line":169,"column":13},"end":{"line":179,"column":7}}]},"19":{"loc":{"start":{"line":169,"column":13},"end":{"line":179,"column":7}},"type":"if","locations":[{"start":{"line":169,"column":13},"end":{"line":179,"column":7}},{"start":{"line":173,"column":13},"end":{"line":179,"column":7}}]},"20":{"loc":{"start":{"line":214,"column":9},"end":{"line":214,"column":20}},"type":"binary-expr","locations":[{"start":{"line":214,"column":9},"end":{"line":214,"column":12}},{"start":{"line":214,"column":16},"end":{"line":214,"column":20}}]}},"s":{"0":2,"1":2,"2":2,"3":2,"4":2,"5":2,"6":2,"7":2,"8":2,"9":2,"10":2,"11":30,"12":30,"13":30,"14":30,"15":30,"16":30,"17":30,"18":30,"19":30,"20":30,"21":30,"22":30,"23":14,"24":0,"25":14,"26":0,"27":30,"28":30,"29":16,"30":30,"31":14,"32":14,"33":30,"34":14,"35":14,"36":14,"37":0,"38":30,"39":14,"40":14,"41":0,"42":0,"43":0,"44":0,"45":0,"46":0,"47":30,"48":14,"49":14,"50":0,"51":0,"52":0,"53":0,"54":30,"55":2,"56":2,"57":2,"58":2,"59":2,"60":2,"61":2,"62":2,"63":2,"64":0,"65":0,"66":0,"67":0,"68":0,"69":0,"70":0,"71":0,"72":0,"73":0,"74":0,"75":0,"76":0,"77":0,"78":0,"79":0,"80":0,"81":0,"82":0,"83":0,"84":0,"85":0,"86":0,"87":0,"88":0,"89":0,"90":0,"91":0,"92":0,"93":0,"94":0,"95":0,"96":0,"97":0,"98":0,"99":0,"100":0,"101":30,"102":0,"103":0,"104":0,"105":30,"106":0,"107":0,"108":30,"109":30,"110":30,"111":2},"f":{"0":30,"1":14,"2":0,"3":16,"4":14,"5":14,"6":14,"7":0,"8":14,"9":0,"10":2,"11":2,"12":0,"13":0},"b":{"0":[0],"1":[14,14],"2":[0,0],"3":[30,0],"4":[16,16,0,0,0],"5":[14],"6":[0],"7":[14],"8":[0,0],"9":[0,0],"10":[0,0],"11":[0,0],"12":[14],"13":[14,0],"14":[2],"15":[0],"16":[0],"17":[0],"18":[0,0],"19":[0,0],"20":[30,30]}}
,"C:\\Users\\Admin\\stellar-burgers\\src\\components\\burger-constructor\\index.ts": {"path":"C:\\Users\\Admin\\stellar-burgers\\src\\components\\burger-constructor\\index.ts","statementMap":{"0":{"start":{"line":1,"column":0},"end":{"line":1,"column":9}},"1":{"start":{"line":1,"column":9},"end":{"line":1,"column":57}}},"fnMap":{"0":{"name":"(anonymous_0)","decl":{"start":{"line":1,"column":9},"end":{"line":1,"column":26}},"loc":{"start":{"line":1,"column":9},"end":{"line":1,"column":57}}}},"branchMap":{},"s":{"0":2,"1":16},"f":{"0":14},"b":{}}
,"C:\\Users\\Admin\\stellar-burgers\\src\\components\\burger-constructor-element\\burger-constructor-element.tsx": {"path":"C:\\Users\\Admin\\stellar-burgers\\src\\components\\burger-constructor-element\\burger-constructor-element.tsx","statementMap":{"0":{"start":{"line":1,"column":0},"end":{"line":1,"column":46}},"1":{"start":{"line":2,"column":0},"end":{"line":2,"column":54}},"2":{"start":{"line":3,"column":0},"end":{"line":3,"column":73}},"3":{"start":{"line":4,"column":0},"end":{"line":4,"column":49}},"4":{"start":{"line":7,"column":13},"end":{"line":45,"column":2}},"5":{"start":{"line":9,"column":21},"end":{"line":9,"column":37}},"6":{"start":{"line":11,"column":4},"end":{"line":11,"column":33}},"7":{"start":{"line":11,"column":21},"end":{"line":11,"column":33}},"8":{"start":{"line":13,"column":27},"end":{"line":17,"column":37}},"9":{"start":{"line":14,"column":6},"end":{"line":16,"column":7}},"10":{"start":{"line":15,"column":8},"end":{"line":15,"column":65}},"11":{"start":{"line":19,"column":25},"end":{"line":23,"column":25}},"12":{"start":{"line":20,"column":6},"end":{"line":22,"column":7}},"13":{"start":{"line":21,"column":8},"end":{"line":21,"column":65}},"14":{"start":{"line":26,"column":24},"end":{"line":32,"column":43}},"15":{"start":{"line":27,"column":6},"end":{"line":31,"column":7}},"16":{"start":{"line":28,"column":8},"end":{"line":28,"column":42}},"17":{"start":{"line":30,"column":8},"end":{"line":30,"column":71}},"18":{"start":{"line":34,"column":4},"end":{"line":43,"column":6}},"19":{"start":{"line":47,"column":0},"end":{"line":47,"column":66}}},"fnMap":{"0":{"name":"(anonymous_0)","decl":{"start":{"line":8,"column":2},"end":{"line":8,"column":3}},"loc":{"start":{"line":8,"column":60},"end":{"line":44,"column":3}}},"1":{"name":"(anonymous_1)","decl":{"start":{"line":13,"column":39},"end":{"line":13,"column":42}},"loc":{"start":{"line":13,"column":44},"end":{"line":17,"column":5}}},"2":{"name":"(anonymous_2)","decl":{"start":{"line":19,"column":37},"end":{"line":19,"column":40}},"loc":{"start":{"line":19,"column":42},"end":{"line":23,"column":5}}},"3":{"name":"(anonymous_3)","decl":{"start":{"line":26,"column":36},"end":{"line":26,"column":39}},"loc":{"start":{"line":26,"column":41},"end":{"line":32,"column":5}}}},"branchMap":{"0":{"loc":{"start":{"line":11,"column":4},"end":{"line":11,"column":33}},"type":"if","locations":[{"start":{"line":11,"column":4},"end":{"line":11,"column":33}}]},"1":{"loc":{"start":{"line":14,"column":6},"end":{"line":16,"column":7}},"type":"if","locations":[{"start":{"line":14,"column":6},"end":{"line":16,"column":7}}]},"2":{"loc":{"start":{"line":20,"column":6},"end":{"line":22,"column":7}},"type":"if","locations":[{"start":{"line":20,"column":6},"end":{"line":22,"column":7}}]},"3":{"loc":{"start":{"line":27,"column":6},"end":{"line":31,"column":7}},"type":"if","locations":[{"start":{"line":27,"column":6},"end":{"line":31,"column":7}},{"start":{"line":29,"column":13},"end":{"line":31,"column":7}}]}},"s":{"0":2,"1":2,"2":2,"3":2,"4":2,"5":0,"6":0,"7":0,"8":0,"9":0,"10":0,"11":0,"12":0,"13":0,"14":0,"15":0,"16":0,"17":0,"18":0,"19":2},"f":{"0":0,"1":0,"2":0,"3":0},"b":{"0":[0],"1":[0],"2":[0],"3":[0,0]}}
,"C:\\Users\\Admin\\stellar-burgers\\src\\components\\burger-constructor-element\\index.ts": {"path":"C:\\Users\\Admin\\stellar-burgers\\src\\components\\burger-constructor-element\\index.ts","statementMap":{"0":{"start":{"line":1,"column":0},"end":{"line":1,"column":9}},"1":{"start":{"line":1,"column":9},"end":{"line":1,"column":72}}},"fnMap":{"0":{"name":"(anonymous_0)","decl":{"start":{"line":1,"column":9},"end":{"line":1,"column":33}},"loc":{"start":{"line":1,"column":9},"end":{"line":1,"column":72}}}},"branchMap":{},"s":{"0":2,"1":2},"f":{"0":0},"b":{}}
,"C:\\Users\\Admin\\stellar-burgers\\src\\components\\burger-ingredient\\burger-ingredient.tsx": {"path":"C:\\Users\\Admin\\stellar-burgers\\src\\components\\burger-ingredient\\burger-ingredient.tsx","statementMap":{"0":{"start":{"line":1,"column":0},"end":{"line":1,"column":33}},"1":{"start":{"line":2,"column":0},"end":{"line":2,"column":47}},"2":{"start":{"line":3,"column":0},"end":{"line":3,"column":42}},"3":{"start":{"line":4,"column":0},"end":{"line":4,"column":41}},"4":{"start":{"line":6,"column":0},"end":{"line":6,"column":66}},"5":{"start":{"line":7,"column":0},"end":{"line":7,"column":36}},"6":{"start":{"line":10,"column":13},"end":{"line":74,"column":2}},"7":{"start":{"line":12,"column":21},"end":{"line":12,"column":34}},"8":{"start":{"line":13,"column":21},"end":{"line":13,"column":34}},"9":{"start":{"line":16,"column":4},"end":{"line":22,"column":7}},"10":{"start":{"line":25,"column":4},"end":{"line":30,"column":7}},"11":{"start":{"line":32,"column":22},"end":{"line":47,"column":5}},"12":{"start":{"line":33,"column":6},"end":{"line":33,"column":75}},"13":{"start":{"line":36,"column":28},"end":{"line":39,"column":8}},"14":{"start":{"line":41,"column":6},"end":{"line":44,"column":9}},"15":{"start":{"line":46,"column":6},"end":{"line":46,"column":42}},"16":{"start":{"line":50,"column":26},"end":{"line":52,"column":6}},"17":{"start":{"line":55,"column":4},"end":{"line":63,"column":7}},"18":{"start":{"line":65,"column":4},"end":{"line":72,"column":6}},"19":{"start":{"line":76,"column":0},"end":{"line":76,"column":32}}},"fnMap":{"0":{"name":"(anonymous_0)","decl":{"start":{"line":11,"column":2},"end":{"line":11,"column":3}},"loc":{"start":{"line":11,"column":28},"end":{"line":73,"column":3}}},"1":{"name":"(anonymous_1)","decl":{"start":{"line":32,"column":22},"end":{"line":32,"column":25}},"loc":{"start":{"line":32,"column":27},"end":{"line":47,"column":5}}}},"branchMap":{},"s":{"0":2,"1":2,"2":2,"3":2,"4":2,"5":2,"6":2,"7":0,"8":0,"9":0,"10":0,"11":0,"12":0,"13":0,"14":0,"15":0,"16":0,"17":0,"18":0,"19":2},"f":{"0":0,"1":0},"b":{}}
,"C:\\Users\\Admin\\stellar-burgers\\src\\components\\burger-ingredient\\index.ts": {"path":"C:\\Users\\Admin\\stellar-burgers\\src\\components\\burger-ingredient\\index.ts","statementMap":{"0":{"start":{"line":1,"column":0},"end":{"line":1,"column":9}},"1":{"start":{"line":1,"column":9},"end":{"line":1,"column":55}}},"fnMap":{"0":{"name":"(anonymous_0)","decl":{"start":{"line":1,"column":9},"end":{"line":1,"column":25}},"loc":{"start":{"line":1,"column":9},"end":{"line":1,"column":55}}}},"branchMap":{},"s":{"0":2,"1":2},"f":{"0":0},"b":{}}
,"C:\\Users\\Admin\\stellar-burgers\\src\\components\\burger-ingredients\\burger-ingredients.tsx": {"path":"C:\\Users\\Admin\\stellar-burgers\\src\\components\\burger-ingredients\\burger-ingredients.tsx","statementMap":{"0":{"start":{"line":1,"column":0},"end":{"line":1,"column":69}},"1":{"start":{"line":2,"column":0},"end":{"line":2,"column":56}},"2":{"start":{"line":4,"column":0},"end":{"line":4,"column":63}},"3":{"start":{"line":5,"column":0},"end":{"line":5,"column":54}},"4":{"start":{"line":6,"column":0},"end":{"line":6,"column":null}},"5":{"start":{"line":10,"column":0},"end":{"line":10,"column":36}},"6":{"start":{"line":12,"column":0},"end":{"line":12,"column":42}},"7":{"start":{"line":14,"column":37},"end":{"line":134,"column":1}},"8":{"start":{"line":15,"column":22},"end":{"line":15,"column":55}},"9":{"start":{"line":16,"column":20},"end":{"line":16,"column":51}},"10":{"start":{"line":18,"column":15},"end":{"line":20,"column":8}},"11":{"start":{"line":19,"column":35},"end":{"line":19,"column":55}},"12":{"start":{"line":21,"column":16},"end":{"line":23,"column":8}},"13":{"start":{"line":22,"column":35},"end":{"line":22,"column":56}},"14":{"start":{"line":24,"column":17},"end":{"line":26,"column":8}},"15":{"start":{"line":25,"column":35},"end":{"line":25,"column":57}},"16":{"start":{"line":28,"column":38},"end":{"line":28,"column":63}},"17":{"start":{"line":30,"column":4},"end":{"line":30,"column":38}},"18":{"start":{"line":31,"column":40},"end":{"line":31,"column":55}},"19":{"start":{"line":33,"column":22},"end":{"line":33,"column":54}},"20":{"start":{"line":34,"column":23},"end":{"line":34,"column":55}},"21":{"start":{"line":35,"column":25},"end":{"line":35,"column":57}},"22":{"start":{"line":37,"column":32},"end":{"line":37,"column":78}},"23":{"start":{"line":38,"column":36},"end":{"line":41,"column":4}},"24":{"start":{"line":42,"column":36},"end":{"line":45,"column":4}},"25":{"start":{"line":47,"column":2},"end":{"line":51,"column":48}},"26":{"start":{"line":48,"column":4},"end":{"line":50,"column":50}},"27":{"start":{"line":48,"column":20},"end":{"line":48,"column":41}},"28":{"start":{"line":49,"column":9},"end":{"line":50,"column":50}},"29":{"start":{"line":49,"column":27},"end":{"line":49,"column":50}},"30":{"start":{"line":50,"column":9},"end":{"line":50,"column":50}},"31":{"start":{"line":50,"column":28},"end":{"line":50,"column":50}},"32":{"start":{"line":53,"column":21},"end":{"line":84,"column":null}},"33":{"start":{"line":57,"column":6},"end":{"line":69,"column":7}},"34":{"start":{"line":59,"column":10},"end":{"line":59,"column":22}},"35":{"start":{"line":60,"column":10},"end":{"line":60,"column":16}},"36":{"start":{"line":62,"column":10},"end":{"line":62,"column":23}},"37":{"start":{"line":63,"column":10},"end":{"line":63,"column":16}},"38":{"start":{"line":65,"column":10},"end":{"line":65,"column":24}},"39":{"start":{"line":66,"column":10},"end":{"line":66,"column":16}},"40":{"start":{"line":68,"column":10},"end":{"line":68,"column":17}},"41":{"start":{"line":71,"column":6},"end":{"line":71,"column":25}},"42":{"start":{"line":74,"column":8},"end":{"line":78,"column":28}},"43":{"start":{"line":80,"column":6},"end":{"line":82,"column":7}},"44":{"start":{"line":81,"column":8},"end":{"line":81,"column":77}},"45":{"start":{"line":87,"column":32},"end":{"line":90,"column":8}},"46":{"start":{"line":88,"column":4},"end":{"line":88,"column":38}},"47":{"start":{"line":89,"column":4},"end":{"line":89,"column":25}},"48":{"start":{"line":92,"column":21},"end":{"line":95,"column":8}},"49":{"start":{"line":93,"column":4},"end":{"line":93,"column":26}},"50":{"start":{"line":94,"column":4},"end":{"line":94,"column":32}},"51":{"start":{"line":97,"column":2},"end":{"line":97,"column":60}},"52":{"start":{"line":97,"column":17},"end":{"line":97,"column":60}},"53":{"start":{"line":98,"column":2},"end":{"line":99,"column":39}},"54":{"start":{"line":99,"column":4},"end":{"line":99,"column":39}},"55":{"start":{"line":101,"column":2},"end":{"line":133,"column":4}},"56":{"start":{"line":14,"column":13},"end":{"line":14,"column":37}}},"fnMap":{"0":{"name":"(anonymous_0)","decl":{"start":{"line":14,"column":37},"end":{"line":14,"column":40}},"loc":{"start":{"line":14,"column":42},"end":{"line":134,"column":1}}},"1":{"name":"(anonymous_1)","decl":{"start":{"line":19,"column":25},"end":{"line":19,"column":26}},"loc":{"start":{"line":19,"column":35},"end":{"line":19,"column":55}}},"2":{"name":"(anonymous_2)","decl":{"start":{"line":22,"column":25},"end":{"line":22,"column":26}},"loc":{"start":{"line":22,"column":35},"end":{"line":22,"column":56}}},"3":{"name":"(anonymous_3)","decl":{"start":{"line":25,"column":25},"end":{"line":25,"column":26}},"loc":{"start":{"line":25,"column":35},"end":{"line":25,"column":57}}},"4":{"name":"(anonymous_4)","decl":{"start":{"line":47,"column":12},"end":{"line":47,"column":15}},"loc":{"start":{"line":47,"column":17},"end":{"line":51,"column":3}}},"5":{"name":"(anonymous_5)","decl":{"start":{"line":54,"column":4},"end":{"line":54,"column":5}},"loc":{"start":{"line":54,"column":20},"end":{"line":83,"column":5}}},"6":{"name":"(anonymous_6)","decl":{"start":{"line":87,"column":44},"end":{"line":87,"column":45}},"loc":{"start":{"line":87,"column":72},"end":{"line":90,"column":3}}},"7":{"name":"(anonymous_7)","decl":{"start":{"line":92,"column":33},"end":{"line":92,"column":36}},"loc":{"start":{"line":92,"column":38},"end":{"line":95,"column":3}}}},"branchMap":{"0":{"loc":{"start":{"line":18,"column":15},"end":{"line":20,"column":8}},"type":"cond-expr","locations":[{"start":{"line":19,"column":6},"end":{"line":19,"column":56}},{"start":{"line":20,"column":6},"end":{"line":20,"column":8}}]},"1":{"loc":{"start":{"line":19,"column":35},"end":{"line":19,"column":45}},"type":"cond-expr","locations":[{"start":{"line":19,"column":39},"end":{"line":19,"column":41}},{"start":{"line":19,"column":35},"end":{"line":19,"column":45}}]},"2":{"loc":{"start":{"line":19,"column":35},"end":{"line":19,"column":41}},"type":"binary-expr","locations":[{"start":{"line":19,"column":35},"end":{"line":19,"column":41}},{"start":{"line":19,"column":35},"end":{"line":19,"column":41}}]},"3":{"loc":{"start":{"line":21,"column":16},"end":{"line":23,"column":8}},"type":"cond-expr","locations":[{"start":{"line":22,"column":6},"end":{"line":22,"column":57}},{"start":{"line":23,"column":6},"end":{"line":23,"column":8}}]},"4":{"loc":{"start":{"line":22,"column":35},"end":{"line":22,"column":45}},"type":"cond-expr","locations":[{"start":{"line":22,"column":39},"end":{"line":22,"column":41}},{"start":{"line":22,"column":35},"end":{"line":22,"column":45}}]},"5":{"loc":{"start":{"line":22,"column":35},"end":{"line":22,"column":41}},"type":"binary-expr","locations":[{"start":{"line":22,"column":35},"end":{"line":22,"column":41}},{"start":{"line":22,"column":35},"end":{"line":22,"column":41}}]},"6":{"loc":{"start":{"line":24,"column":17},"end":{"line":26,"column":8}},"type":"cond-expr","locations":[{"start":{"line":25,"column":6},"end":{"line":25,"column":58}},{"start":{"line":26,"column":6},"end":{"line":26,"column":8}}]},"7":{"loc":{"start":{"line":25,"column":35},"end":{"line":25,"column":45}},"type":"cond-expr","locations":[{"start":{"line":25,"column":39},"end":{"line":25,"column":41}},{"start":{"line":25,"column":35},"end":{"line":25,"column":45}}]},"8":{"loc":{"start":{"line":25,"column":35},"end":{"line":25,"column":41}},"type":"binary-expr","locations":[{"start":{"line":25,"column":35},"end":{"line":25,"column":41}},{"start":{"line":25,"column":35},"end":{"line":25,"column":41}}]},"9":{"loc":{"start":{"line":48,"column":4},"end":{"line":50,"column":50}},"type":"if","locations":[{"start":{"line":48,"column":4},"end":{"line":50,"column":50}},{"start":{"line":49,"column":9},"end":{"line":50,"column":50}}]},"10":{"loc":{"start":{"line":49,"column":9},"end":{"line":50,"column":50}},"type":"if","locations":[{"start":{"line":49,"column":9},"end":{"line":50,"column":50}},{"start":{"line":50,"column":9},"end":{"line":50,"column":50}}]},"11":{"loc":{"start":{"line":50,"column":9},"end":{"line":50,"column":50}},"type":"if","locations":[{"start":{"line":50,"column":9},"end":{"line":50,"column":50}}]},"12":{"loc":{"start":{"line":57,"column":6},"end":{"line":69,"column":7}},"type":"switch","locations":[{"start":{"line":58,"column":8},"end":{"line":60,"column":16}},{"start":{"line":61,"column":8},"end":{"line":63,"column":16}},{"start":{"line":64,"column":8},"end":{"line":66,"column":16}},{"start":{"line":67,"column":8},"end":{"line":68,"column":17}}]},"13":{"loc":{"start":{"line":74,"column":8},"end":{"line":78,"column":28}},"type":"cond-expr","locations":[{"start":{"line":75,"column":12},"end":{"line":75,"column":23}},{"start":{"line":76,"column":12},"end":{"line":78,"column":28}}]},"14":{"loc":{"start":{"line":76,"column":12},"end":{"line":78,"column":28}},"type":"cond-expr","locations":[{"start":{"line":77,"column":14},"end":{"line":77,"column":26}},{"start":{"line":78,"column":14},"end":{"line":78,"column":28}}]},"15":{"loc":{"start":{"line":80,"column":6},"end":{"line":82,"column":7}},"type":"if","locations":[{"start":{"line":80,"column":6},"end":{"line":82,"column":7}}]},"16":{"loc":{"start":{"line":97,"column":2},"end":{"line":97,"column":60}},"type":"if","locations":[{"start":{"line":97,"column":2},"end":{"line":97,"column":60}}]},"17":{"loc":{"start":{"line":98,"column":2},"end":{"line":99,"column":39}},"type":"if","locations":[{"start":{"line":98,"column":2},"end":{"line":99,"column":39}}]},"18":{"loc":{"start":{"line":98,"column":6},"end":{"line":98,"column":46}},"type":"binary-expr","locations":[{"start":{"line":98,"column":6},"end":{"line":98,"column":18}},{"start":{"line":98,"column":22},"end":{"line":98,"column":46}}]},"19":{"loc":{"start":{"line":122,"column":7},"end":{"line":130,"column":null}},"type":"binary-expr","locations":[{"start":{"line":122,"column":7},"end":{"line":122,"column":18}},{"start":{"line":122,"column":22},"end":{"line":122,"column":40}},{"start":{"line":123,"column":8},"end":{"line":129,"column":null}}]}},"s":{"0":2,"1":2,"2":2,"3":2,"4":2,"5":2,"6":2,"7":2,"8":0,"9":0,"10":0,"11":0,"12":0,"13":0,"14":0,"15":0,"16":0,"17":0,"18":0,"19":0,"20":0,"21":0,"22":0,"23":0,"24":0,"25":0,"26":0,"27":0,"28":0,"29":0,"30":0,"31":0,"32":0,"33":0,"34":0,"35":0,"36":0,"37":0,"38":0,"39":0,"40":0,"41":0,"42":0,"43":0,"44":0,"45":0,"46":0,"47":0,"48":0,"49":0,"50":0,"51":0,"52":0,"53":0,"54":0,"55":0,"56":2},"f":{"0":0,"1":0,"2":0,"3":0,"4":0,"5":0,"6":0,"7":0},"b":{"0":[0,0],"1":[0,0],"2":[0,0],"3":[0,0],"4":[0,0],"5":[0,0],"6":[0,0],"7":[0,0],"8":[0,0],"9":[0,0],"10":[0,0],"11":[0],"12":[0,0,0,0],"13":[0,0],"14":[0,0],"15":[0],"16":[0],"17":[0],"18":[0,0],"19":[0,0,0]}}
,"C:\\Users\\Admin\\stellar-burgers\\src\\components\\burger-ingredients\\index.ts": {"path":"C:\\Users\\Admin\\stellar-burgers\\src\\components\\burger-ingredients\\index.ts","statementMap":{"0":{"start":{"line":1,"column":0},"end":{"line":1,"column":9}},"1":{"start":{"line":1,"column":9},"end":{"line":1,"column":57}}},"fnMap":{"0":{"name":"(anonymous_0)","decl":{"start":{"line":1,"column":9},"end":{"line":1,"column":26}},"loc":{"start":{"line":1,"column":9},"end":{"line":1,"column":57}}}},"branchMap":{},"s":{"0":2,"1":2},"f":{"0":0},"b":{}}
,"C:\\Users\\Admin\\stellar-burgers\\src\\components\\feed-info\\feed-info.tsx": {"path":"C:\\Users\\Admin\\stellar-burgers\\src\\components\\feed-info\\feed-info.tsx","statementMap":{"0":{"start":{"line":1,"column":0},"end":{"line":1,"column":54}},"1":{"start":{"line":2,"column":0},"end":{"line":2,"column":null}},"2":{"start":{"line":7,"column":0},"end":{"line":7,"column":36}},"3":{"start":{"line":9,"column":0},"end":{"line":9,"column":45}},"4":{"start":{"line":13,"column":43},"end":{"line":28,"column":1}},"5":{"start":{"line":14,"column":17},"end":{"line":14,"column":49}},"6":{"start":{"line":15,"column":16},"end":{"line":15,"column":47}},"7":{"start":{"line":16,"column":21},"end":{"line":16,"column":57}},"8":{"start":{"line":18,"column":22},"end":{"line":18,"column":72}},"9":{"start":{"line":18,"column":36},"end":{"line":18,"column":61}},"10":{"start":{"line":19,"column":24},"end":{"line":19,"column":77}},"11":{"start":{"line":19,"column":38},"end":{"line":19,"column":66}},"12":{"start":{"line":21,"column":2},"end":{"line":27,"column":4}},"13":{"start":{"line":13,"column":13},"end":{"line":13,"column":43}},"14":{"start":{"line":30,"column":18},"end":{"line":36,"column":1}},"15":{"start":{"line":31,"column":2},"end":{"line":31,"column":51}},"16":{"start":{"line":31,"column":41},"end":{"line":31,"column":51}},"17":{"start":{"line":32,"column":2},"end":{"line":35,"column":18}},"18":{"start":{"line":33,"column":22},"end":{"line":33,"column":44}},"19":{"start":{"line":34,"column":19},"end":{"line":34,"column":30}}},"fnMap":{"0":{"name":"(anonymous_0)","decl":{"start":{"line":13,"column":43},"end":{"line":13,"column":46}},"loc":{"start":{"line":13,"column":48},"end":{"line":28,"column":1}}},"1":{"name":"(anonymous_1)","decl":{"start":{"line":18,"column":30},"end":{"line":18,"column":33}},"loc":{"start":{"line":18,"column":36},"end":{"line":18,"column":61}}},"2":{"name":"(anonymous_2)","decl":{"start":{"line":19,"column":32},"end":{"line":19,"column":35}},"loc":{"start":{"line":19,"column":38},"end":{"line":19,"column":66}}},"3":{"name":"(anonymous_3)","decl":{"start":{"line":30,"column":18},"end":{"line":30,"column":19}},"loc":{"start":{"line":30,"column":65},"end":{"line":36,"column":1}}},"4":{"name":"(anonymous_4)","decl":{"start":{"line":33,"column":12},"end":{"line":33,"column":13}},"loc":{"start":{"line":33,"column":22},"end":{"line":33,"column":44}}},"5":{"name":"(anonymous_5)","decl":{"start":{"line":34,"column":9},"end":{"line":34,"column":10}},"loc":{"start":{"line":34,"column":19},"end":{"line":34,"column":30}}}},"branchMap":{"0":{"loc":{"start":{"line":31,"column":2},"end":{"line":31,"column":51}},"type":"if","locations":[{"start":{"line":31,"column":2},"end":{"line":31,"column":51}}]},"1":{"loc":{"start":{"line":31,"column":6},"end":{"line":31,"column":39}},"type":"binary-expr","locations":[{"start":{"line":31,"column":6},"end":{"line":31,"column":13}},{"start":{"line":31,"column":17},"end":{"line":31,"column":39}}]}},"s":{"0":2,"1":2,"2":2,"3":2,"4":2,"5":0,"6":0,"7":0,"8":0,"9":0,"10":0,"11":0,"12":0,"13":2,"14":2,"15":0,"16":0,"17":0,"18":0,"19":0},"f":{"0":0,"1":0,"2":0,"3":0,"4":0,"5":0},"b":{"0":[0],"1":[0,0]}}
,"C:\\Users\\Admin\\stellar-burgers\\src\\components\\feed-info\\index.ts": {"path":"C:\\Users\\Admin\\stellar-burgers\\src\\components\\feed-info\\index.ts","statementMap":{"0":{"start":{"line":1,"column":0},"end":{"line":1,"column":9}},"1":{"start":{"line":1,"column":9},"end":{"line":1,"column":39}}},"fnMap":{"0":{"name":"(anonymous_0)","decl":{"start":{"line":1,"column":9},"end":{"line":1,"column":17}},"loc":{"start":{"line":1,"column":9},"end":{"line":1,"column":39}}}},"branchMap":{},"s":{"0":2,"1":2},"f":{"0":0},"b":{}}
,"C:\\Users\\Admin\\stellar-burgers\\src\\components\\ingredient-details\\index.ts": {"path":"C:\\Users\\Admin\\stellar-burgers\\src\\components\\ingredient-details\\index.ts","statementMap":{"0":{"start":{"line":1,"column":0},"end":{"line":1,"column":9}},"1":{"start":{"line":1,"column":9},"end":{"line":1,"column":57}}},"fnMap":{"0":{"name":"(anonymous_0)","decl":{"start":{"line":1,"column":9},"end":{"line":1,"column":26}},"loc":{"start":{"line":1,"column":9},"end":{"line":1,"column":57}}}},"branchMap":{},"s":{"0":2,"1":2},"f":{"0":0},"b":{}}
,"C:\\Users\\Admin\\stellar-burgers\\src\\components\\ingredient-details\\ingredient-details.tsx": {"path":"C:\\Users\\Admin\\stellar-burgers\\src\\components\\ingredient-details\\ingredient-details.tsx","statementMap":{"0":{"start":{"line":2,"column":0},"end":{"line":2,"column":58}},"1":{"start":{"line":4,"column":0},"end":{"line":4,"column":54}},"2":{"start":{"line":5,"column":0},"end":{"line":5,"column":null}},"3":{"start":{"line":10,"column":0},"end":{"line":10,"column":44}},"4":{"start":{"line":11,"column":0},"end":{"line":11,"column":63}},"5":{"start":{"line":17,"column":61},"end":{"line":66,"column":1}},"6":{"start":{"line":20,"column":17},"end":{"line":20,"column":28}},"7":{"start":{"line":21,"column":19},"end":{"line":21,"column":32}},"8":{"start":{"line":23,"column":22},"end":{"line":23,"column":55}},"9":{"start":{"line":24,"column":20},"end":{"line":24,"column":51}},"10":{"start":{"line":25,"column":16},"end":{"line":25,"column":43}},"11":{"start":{"line":27,"column":25},"end":{"line":27,"column":68}},"12":{"start":{"line":27,"column":52},"end":{"line":27,"column":67}},"13":{"start":{"line":30,"column":2},"end":{"line":30,"column":43}},"14":{"start":{"line":31,"column":2},"end":{"line":31,"column":75}},"15":{"start":{"line":32,"column":2},"end":{"line":32,"column":69}},"16":{"start":{"line":33,"column":2},"end":{"line":33,"column":53}},"17":{"start":{"line":34,"column":2},"end":{"line":34,"column":67}},"18":{"start":{"line":36,"column":2},"end":{"line":38,"column":3}},"19":{"start":{"line":37,"column":4},"end":{"line":37,"column":25}},"20":{"start":{"line":40,"column":2},"end":{"line":42,"column":3}},"21":{"start":{"line":41,"column":4},"end":{"line":41,"column":56}},"22":{"start":{"line":44,"column":2},"end":{"line":46,"column":3}},"23":{"start":{"line":45,"column":4},"end":{"line":45,"column":41}},"24":{"start":{"line":48,"column":2},"end":{"line":50,"column":3}},"25":{"start":{"line":49,"column":4},"end":{"line":49,"column":43}},"26":{"start":{"line":53,"column":2},"end":{"line":55,"column":3}},"27":{"start":{"line":54,"column":4},"end":{"line":54,"column":67}},"28":{"start":{"line":58,"column":2},"end":{"line":65,"column":4}},"29":{"start":{"line":17,"column":13},"end":{"line":17,"column":61}}},"fnMap":{"0":{"name":"(anonymous_0)","decl":{"start":{"line":17,"column":61},"end":{"line":17,"column":62}},"loc":{"start":{"line":19,"column":5},"end":{"line":66,"column":1}}},"1":{"name":"(anonymous_1)","decl":{"start":{"line":27,"column":42},"end":{"line":27,"column":43}},"loc":{"start":{"line":27,"column":52},"end":{"line":27,"column":67}}}},"branchMap":{"0":{"loc":{"start":{"line":18,"column":2},"end":{"line":18,"column":17}},"type":"default-arg","locations":[{"start":{"line":18,"column":12},"end":{"line":18,"column":17}}]},"1":{"loc":{"start":{"line":36,"column":2},"end":{"line":38,"column":3}},"type":"if","locations":[{"start":{"line":36,"column":2},"end":{"line":38,"column":3}}]},"2":{"loc":{"start":{"line":40,"column":2},"end":{"line":42,"column":3}},"type":"if","locations":[{"start":{"line":40,"column":2},"end":{"line":42,"column":3}}]},"3":{"loc":{"start":{"line":44,"column":2},"end":{"line":46,"column":3}},"type":"if","locations":[{"start":{"line":44,"column":2},"end":{"line":46,"column":3}}]},"4":{"loc":{"start":{"line":48,"column":2},"end":{"line":50,"column":3}},"type":"if","locations":[{"start":{"line":48,"column":2},"end":{"line":50,"column":3}}]},"5":{"loc":{"start":{"line":53,"column":2},"end":{"line":55,"column":3}},"type":"if","locations":[{"start":{"line":53,"column":2},"end":{"line":55,"column":3}}]}},"s":{"0":2,"1":2,"2":2,"3":2,"4":2,"5":2,"6":0,"7":0,"8":0,"9":0,"10":0,"11":0,"12":0,"13":0,"14":0,"15":0,"16":0,"17":0,"18":0,"19":0,"20":0,"21":0,"22":0,"23":0,"24":0,"25":0,"26":0,"27":0,"28":0,"29":2},"f":{"0":0,"1":0},"b":{"0":[0],"1":[0],"2":[0],"3":[0],"4":[0],"5":[0]}}
,"C:\\Users\\Admin\\stellar-burgers\\src\\components\\ingredients-category\\index.ts": {"path":"C:\\Users\\Admin\\stellar-burgers\\src\\components\\ingredients-category\\index.ts","statementMap":{"0":{"start":{"line":1,"column":0},"end":{"line":1,"column":9}},"1":{"start":{"line":1,"column":9},"end":{"line":1,"column":61}}},"fnMap":{"0":{"name":"(anonymous_0)","decl":{"start":{"line":1,"column":9},"end":{"line":1,"column":28}},"loc":{"start":{"line":1,"column":9},"end":{"line":1,"column":61}}}},"branchMap":{},"s":{"0":2,"1":2},"f":{"0":0},"b":{}}
,"C:\\Users\\Admin\\stellar-burgers\\src\\components\\ingredients-category\\ingredients-category.tsx": {"path":"C:\\Users\\Admin\\stellar-burgers\\src\\components\\ingredients-category\\ingredients-category.tsx","statementMap":{"0":{"start":{"line":1,"column":0},"end":{"line":1,"column":44}},"1":{"start":{"line":3,"column":0},"end":{"line":3,"column":54}},"2":{"start":{"line":6,"column":0},"end":{"line":6,"column":67}},"3":{"start":{"line":7,"column":0},"end":{"line":7,"column":80}},"4":{"start":{"line":9,"column":13},"end":{"line":43,"column":3}},"5":{"start":{"line":14,"column":28},"end":{"line":14,"column":65}},"6":{"start":{"line":16,"column":30},"end":{"line":32,"column":38}},"7":{"start":{"line":17,"column":57},"end":{"line":17,"column":74}},"8":{"start":{"line":18,"column":48},"end":{"line":18,"column":50}},"9":{"start":{"line":21,"column":4},"end":{"line":24,"column":7}},"10":{"start":{"line":22,"column":6},"end":{"line":22,"column":66}},"11":{"start":{"line":22,"column":37},"end":{"line":22,"column":66}},"12":{"start":{"line":23,"column":6},"end":{"line":23,"column":33}},"13":{"start":{"line":27,"column":4},"end":{"line":29,"column":5}},"14":{"start":{"line":28,"column":6},"end":{"line":28,"column":28}},"15":{"start":{"line":31,"column":4},"end":{"line":31,"column":20}},"16":{"start":{"line":34,"column":2},"end":{"line":42,"column":4}},"17":{"start":{"line":45,"column":0},"end":{"line":45,"column":56}}},"fnMap":{"0":{"name":"(anonymous_0)","decl":{"start":{"line":12,"column":2},"end":{"line":12,"column":3}},"loc":{"start":{"line":12,"column":44},"end":{"line":43,"column":1}}},"1":{"name":"(anonymous_1)","decl":{"start":{"line":16,"column":38},"end":{"line":16,"column":41}},"loc":{"start":{"line":16,"column":43},"end":{"line":32,"column":3}}},"2":{"name":"(anonymous_2)","decl":{"start":{"line":21,"column":35},"end":{"line":21,"column":36}},"loc":{"start":{"line":21,"column":63},"end":{"line":24,"column":5}}}},"branchMap":{"0":{"loc":{"start":{"line":22,"column":6},"end":{"line":22,"column":66}},"type":"if","locations":[{"start":{"line":22,"column":6},"end":{"line":22,"column":66}}]},"1":{"loc":{"start":{"line":27,"column":4},"end":{"line":29,"column":5}},"type":"if","locations":[{"start":{"line":27,"column":4},"end":{"line":29,"column":5}}]},"2":{"loc":{"start":{"line":27,"column":8},"end":{"line":27,"column":16}},"type":"cond-expr","locations":[{"start":{"line":27,"column":11},"end":{"line":27,"column":13}},{"start":{"line":27,"column":8},"end":{"line":27,"column":16}}]},"3":{"loc":{"start":{"line":27,"column":8},"end":{"line":27,"column":13}},"type":"binary-expr","locations":[{"start":{"line":27,"column":8},"end":{"line":27,"column":13}},{"start":{"line":27,"column":8},"end":{"line":27,"column":13}}]}},"s":{"0":2,"1":2,"2":2,"3":2,"4":2,"5":0,"6":0,"7":0,"8":0,"9":0,"10":0,"11":0,"12":0,"13":0,"14":0,"15":0,"16":0,"17":2},"f":{"0":0,"1":0,"2":0},"b":{"0":[0],"1":[0],"2":[0,0],"3":[0,0]}}
,"C:\\Users\\Admin\\stellar-burgers\\src\\components\\modal\\index.ts": {"path":"C:\\Users\\Admin\\stellar-burgers\\src\\components\\modal\\index.ts","statementMap":{"0":{"start":{"line":1,"column":0},"end":{"line":1,"column":9}},"1":{"start":{"line":1,"column":9},"end":{"line":1,"column":32}}},"fnMap":{"0":{"name":"(anonymous_0)","decl":{"start":{"line":1,"column":9},"end":{"line":1,"column":14}},"loc":{"start":{"line":1,"column":9},"end":{"line":1,"column":32}}}},"branchMap":{},"s":{"0":2,"1":2},"f":{"0":0},"b":{}}
,"C:\\Users\\Admin\\stellar-burgers\\src\\components\\modal\\modal.tsx": {"path":"C:\\Users\\Admin\\stellar-burgers\\src\\components\\modal\\modal.tsx","statementMap":{"0":{"start":{"line":1,"column":0},"end":{"line":1,"column":61}},"1":{"start":{"line":2,"column":0},"end":{"line":2,"column":33}},"2":{"start":{"line":4,"column":0},"end":{"line":4,"column":30}},"3":{"start":{"line":6,"column":18},"end":{"line":6,"column":51}},"4":{"start":{"line":8,"column":13},"end":{"line":64,"column":2}},"5":{"start":{"line":10,"column":4},"end":{"line":13,"column":5}},"6":{"start":{"line":11,"column":6},"end":{"line":11,"column":74}},"7":{"start":{"line":12,"column":6},"end":{"line":12,"column":18}},"8":{"start":{"line":15,"column":4},"end":{"line":17,"column":5}},"9":{"start":{"line":16,"column":6},"end":{"line":16,"column":18}},"10":{"start":{"line":20,"column":4},"end":{"line":25,"column":17}},"11":{"start":{"line":21,"column":6},"end":{"line":21,"column":46}},"12":{"start":{"line":22,"column":6},"end":{"line":24,"column":8}},"13":{"start":{"line":23,"column":8},"end":{"line":23,"column":47}},"14":{"start":{"line":27,"column":4},"end":{"line":55,"column":26}},"15":{"start":{"line":28,"column":24},"end":{"line":32,"column":7}},"16":{"start":{"line":29,"column":8},"end":{"line":31,"column":9}},"17":{"start":{"line":30,"column":10},"end":{"line":30,"column":20}},"18":{"start":{"line":34,"column":33},"end":{"line":42,"column":7}},"19":{"start":{"line":35,"column":23},"end":{"line":35,"column":53}},"20":{"start":{"line":36,"column":8},"end":{"line":36,"column":28}},"21":{"start":{"line":36,"column":21},"end":{"line":36,"column":28}},"22":{"start":{"line":38,"column":31},"end":{"line":38,"column":79}},"23":{"start":{"line":39,"column":8},"end":{"line":41,"column":9}},"24":{"start":{"line":40,"column":10},"end":{"line":40,"column":20}},"25":{"start":{"line":45,"column":6},"end":{"line":48,"column":7}},"26":{"start":{"line":46,"column":8},"end":{"line":46,"column":56}},"27":{"start":{"line":47,"column":8},"end":{"line":47,"column":63}},"28":{"start":{"line":50,"column":6},"end":{"line":54,"column":8}},"29":{"start":{"line":52,"column":8},"end":{"line":52,"column":59}},"30":{"start":{"line":53,"column":8},"end":{"line":53,"column":66}},"31":{"start":{"line":57,"column":4},"end":{"line":62,"column":6}}},"fnMap":{"0":{"name":"(anonymous_1)","decl":{"start":{"line":9,"column":2},"end":{"line":9,"column":3}},"loc":{"start":{"line":9,"column":43},"end":{"line":63,"column":3}}},"1":{"name":"(anonymous_2)","decl":{"start":{"line":20,"column":20},"end":{"line":20,"column":23}},"loc":{"start":{"line":20,"column":25},"end":{"line":25,"column":5}}},"2":{"name":"(anonymous_3)","decl":{"start":{"line":22,"column":13},"end":{"line":22,"column":16}},"loc":{"start":{"line":22,"column":18},"end":{"line":24,"column":7}}},"3":{"name":"(anonymous_4)","decl":{"start":{"line":27,"column":14},"end":{"line":27,"column":17}},"loc":{"start":{"line":27,"column":19},"end":{"line":55,"column":5}}},"4":{"name":"(anonymous_5)","decl":{"start":{"line":28,"column":24},"end":{"line":28,"column":25}},"loc":{"start":{"line":28,"column":45},"end":{"line":32,"column":7}}},"5":{"name":"(anonymous_6)","decl":{"start":{"line":34,"column":33},"end":{"line":34,"column":34}},"loc":{"start":{"line":34,"column":51},"end":{"line":42,"column":7}}},"6":{"name":"(anonymous_7)","decl":{"start":{"line":50,"column":13},"end":{"line":50,"column":16}},"loc":{"start":{"line":50,"column":18},"end":{"line":54,"column":7}}}},"branchMap":{"0":{"loc":{"start":{"line":10,"column":4},"end":{"line":13,"column":5}},"type":"if","locations":[{"start":{"line":10,"column":4},"end":{"line":13,"column":5}}]},"1":{"loc":{"start":{"line":15,"column":4},"end":{"line":17,"column":5}},"type":"if","locations":[{"start":{"line":15,"column":4},"end":{"line":17,"column":5}}]},"2":{"loc":{"start":{"line":29,"column":8},"end":{"line":31,"column":9}},"type":"if","locations":[{"start":{"line":29,"column":8},"end":{"line":31,"column":9}}]},"3":{"loc":{"start":{"line":36,"column":8},"end":{"line":36,"column":28}},"type":"if","locations":[{"start":{"line":36,"column":8},"end":{"line":36,"column":28}}]},"4":{"loc":{"start":{"line":39,"column":8},"end":{"line":41,"column":9}},"type":"if","locations":[{"start":{"line":39,"column":8},"end":{"line":41,"column":9}}]},"5":{"loc":{"start":{"line":39,"column":12},"end":{"line":39,"column":62}},"type":"binary-expr","locations":[{"start":{"line":39,"column":12},"end":{"line":39,"column":26}},{"start":{"line":39,"column":30},"end":{"line":39,"column":62}}]},"6":{"loc":{"start":{"line":45,"column":6},"end":{"line":48,"column":7}},"type":"if","locations":[{"start":{"line":45,"column":6},"end":{"line":48,"column":7}}]}},"s":{"0":2,"1":2,"2":2,"3":2,"4":2,"5":0,"6":0,"7":0,"8":0,"9":0,"10":0,"11":0,"12":0,"13":0,"14":0,"15":0,"16":0,"17":0,"18":0,"19":0,"20":0,"21":0,"22":0,"23":0,"24":0,"25":0,"26":0,"27":0,"28":0,"29":0,"30":0,"31":0},"f":{"0":0,"1":0,"2":0,"3":0,"4":0,"5":0,"6":0},"b":{"0":[0],"1":[0],"2":[0],"3":[0],"4":[0],"5":[0,0],"6":[0]}}
,"C:\\Users\\Admin\\stellar-burgers\\src\\components\\order-card\\index.ts": {"path":"C:\\Users\\Admin\\stellar-burgers\\src\\components\\order-card\\index.ts","statementMap":{"0":{"start":{"line":1,"column":0},"end":{"line":1,"column":9}},"1":{"start":{"line":1,"column":9},"end":{"line":1,"column":41}}},"fnMap":{"0":{"name":"(anonymous_0)","decl":{"start":{"line":1,"column":9},"end":{"line":1,"column":18}},"loc":{"start":{"line":1,"column":9},"end":{"line":1,"column":41}}}},"branchMap":{},"s":{"0":2,"1":2},"f":{"0":0},"b":{}}
,"C:\\Users\\Admin\\stellar-burgers\\src\\components\\order-card\\order-card.tsx": {"path":"C:\\Users\\Admin\\stellar-burgers\\src\\components\\order-card\\order-card.tsx","statementMap":{"0":{"start":{"line":1,"column":0},"end":{"line":1,"column":42}},"1":{"start":{"line":2,"column":0},"end":{"line":2,"column":53}},"2":{"start":{"line":6,"column":0},"end":{"line":6,"column":47}},"3":{"start":{"line":7,"column":0},"end":{"line":7,"column":54}},"4":{"start":{"line":9,"column":23},"end":{"line":9,"column":24}},"5":{"start":{"line":11,"column":13},"end":{"line":61,"column":2}},"6":{"start":{"line":13,"column":21},"end":{"line":13,"column":34}},"7":{"start":{"line":15,"column":39},"end":{"line":16,"column":null}},"8":{"start":{"line":16,"column":17},"end":{"line":16,"column":40}},"9":{"start":{"line":19,"column":22},"end":{"line":47,"column":47}},"10":{"start":{"line":20,"column":6},"end":{"line":20,"column":43}},"11":{"start":{"line":20,"column":31},"end":{"line":20,"column":43}},"12":{"start":{"line":22,"column":30},"end":{"line":28,"column":null}},"13":{"start":{"line":24,"column":29},"end":{"line":24,"column":72}},"14":{"start":{"line":24,"column":55},"end":{"line":24,"column":71}},"15":{"start":{"line":25,"column":10},"end":{"line":25,"column":54}},"16":{"start":{"line":25,"column":26},"end":{"line":25,"column":54}},"17":{"start":{"line":26,"column":10},"end":{"line":26,"column":21}},"18":{"start":{"line":31,"column":20},"end":{"line":31,"column":78}},"19":{"start":{"line":31,"column":58},"end":{"line":31,"column":74}},"20":{"start":{"line":32,"column":32},"end":{"line":32,"column":72}},"21":{"start":{"line":34,"column":8},"end":{"line":36,"column":13}},"22":{"start":{"line":37,"column":19},"end":{"line":37,"column":44}},"23":{"start":{"line":39,"column":6},"end":{"line":45,"column":null}},"24":{"start":{"line":49,"column":4},"end":{"line":49,"column":32}},"25":{"start":{"line":49,"column":20},"end":{"line":49,"column":32}},"26":{"start":{"line":51,"column":4},"end":{"line":59,"column":6}}},"fnMap":{"0":{"name":"(anonymous_0)","decl":{"start":{"line":12,"column":2},"end":{"line":12,"column":3}},"loc":{"start":{"line":12,"column":25},"end":{"line":60,"column":3}}},"1":{"name":"(anonymous_1)","decl":{"start":{"line":16,"column":6},"end":{"line":16,"column":7}},"loc":{"start":{"line":16,"column":17},"end":{"line":16,"column":40}}},"2":{"name":"(anonymous_2)","decl":{"start":{"line":19,"column":30},"end":{"line":19,"column":33}},"loc":{"start":{"line":19,"column":35},"end":{"line":47,"column":5}}},"3":{"name":"(anonymous_3)","decl":{"start":{"line":23,"column":8},"end":{"line":23,"column":9}},"loc":{"start":{"line":23,"column":45},"end":{"line":27,"column":9}}},"4":{"name":"(anonymous_4)","decl":{"start":{"line":24,"column":46},"end":{"line":24,"column":47}},"loc":{"start":{"line":24,"column":55},"end":{"line":24,"column":71}}},"5":{"name":"(anonymous_5)","decl":{"start":{"line":31,"column":43},"end":{"line":31,"column":44}},"loc":{"start":{"line":31,"column":58},"end":{"line":31,"column":74}}}},"branchMap":{"0":{"loc":{"start":{"line":20,"column":6},"end":{"line":20,"column":43}},"type":"if","locations":[{"start":{"line":20,"column":6},"end":{"line":20,"column":43}}]},"1":{"loc":{"start":{"line":25,"column":10},"end":{"line":25,"column":54}},"type":"if","locations":[{"start":{"line":25,"column":10},"end":{"line":25,"column":54}}]},"2":{"loc":{"start":{"line":34,"column":8},"end":{"line":36,"column":13}},"type":"cond-expr","locations":[{"start":{"line":35,"column":12},"end":{"line":35,"column":51}},{"start":{"line":36,"column":12},"end":{"line":36,"column":13}}]},"3":{"loc":{"start":{"line":49,"column":4},"end":{"line":49,"column":32}},"type":"if","locations":[{"start":{"line":49,"column":4},"end":{"line":49,"column":32}}]}},"s":{"0":2,"1":2,"2":2,"3":2,"4":2,"5":2,"6":0,"7":0,"8":0,"9":0,"10":0,"11":0,"12":0,"13":0,"14":0,"15":0,"16":0,"17":0,"18":0,"19":0,"20":0,"21":0,"22":0,"23":0,"24":0,"25":0,"26":0},"f":{"0":0,"1":0,"2":0,"3":0,"4":0,"5":0},"b":{"0":[0],"1":[0],"2":[0,0],"3":[0]}}
,"C:\\Users\\Admin\\stellar-burgers\\src\\components\\order-info\\index.ts": {"path":"C:\\Users\\Admin\\stellar-burgers\\src\\components\\order-info\\index.ts","statementMap":{"0":{"start":{"line":1,"column":0},"end":{"line":1,"column":9}},"1":{"start":{"line":1,"column":9},"end":{"line":1,"column":41}}},"fnMap":{"0":{"name":"(anonymous_0)","decl":{"start":{"line":1,"column":9},"end":{"line":1,"column":18}},"loc":{"start":{"line":1,"column":9},"end":{"line":1,"column":41}}}},"branchMap":{},"s":{"0":2,"1":2},"f":{"0":0},"b":{}}
,"C:\\Users\\Admin\\stellar-burgers\\src\\components\\order-info\\order-info.tsx": {"path":"C:\\Users\\Admin\\stellar-burgers\\src\\components\\order-info\\order-info.tsx","statementMap":{"0":{"start":{"line":1,"column":0},"end":{"line":1,"column":47}},"1":{"start":{"line":2,"column":0},"end":{"line":2,"column":70}},"2":{"start":{"line":3,"column":0},"end":{"line":3,"column":32}},"3":{"start":{"line":5,"column":0},"end":{"line":5,"column":34}},"4":{"start":{"line":6,"column":0},"end":{"line":6,"column":null}},"5":{"start":{"line":13,"column":54},"end":{"line":69,"column":1}},"6":{"start":{"line":14,"column":19},"end":{"line":14,"column":35}},"7":{"start":{"line":15,"column":20},"end":{"line":15,"column":56}},"8":{"start":{"line":16,"column":18},"end":{"line":16,"column":52}},"9":{"start":{"line":17,"column":16},"end":{"line":17,"column":48}},"10":{"start":{"line":19,"column":2},"end":{"line":24,"column":30}},"11":{"start":{"line":20,"column":4},"end":{"line":23,"column":5}},"12":{"start":{"line":21,"column":6},"end":{"line":21,"column":71}},"13":{"start":{"line":22,"column":6},"end":{"line":22,"column":48}},"14":{"start":{"line":27,"column":2},"end":{"line":32,"column":5}},"15":{"start":{"line":34,"column":2},"end":{"line":36,"column":3}},"16":{"start":{"line":35,"column":4},"end":{"line":35,"column":25}},"17":{"start":{"line":38,"column":2},"end":{"line":51,"column":3}},"18":{"start":{"line":39,"column":4},"end":{"line":50,"column":6}},"19":{"start":{"line":44,"column":25},"end":{"line":44,"column":66}},"20":{"start":{"line":53,"column":2},"end":{"line":66,"column":3}},"21":{"start":{"line":54,"column":4},"end":{"line":65,"column":6}},"22":{"start":{"line":59,"column":25},"end":{"line":59,"column":66}},"23":{"start":{"line":68,"column":2},"end":{"line":68,"column":47}},"24":{"start":{"line":13,"column":13},"end":{"line":13,"column":54}}},"fnMap":{"0":{"name":"(anonymous_0)","decl":{"start":{"line":13,"column":54},"end":{"line":13,"column":55}},"loc":{"start":{"line":13,"column":74},"end":{"line":69,"column":1}}},"1":{"name":"(anonymous_1)","decl":{"start":{"line":19,"column":12},"end":{"line":19,"column":15}},"loc":{"start":{"line":19,"column":17},"end":{"line":24,"column":3}}},"2":{"name":"(anonymous_2)","decl":{"start":{"line":44,"column":19},"end":{"line":44,"column":22}},"loc":{"start":{"line":44,"column":25},"end":{"line":44,"column":66}}},"3":{"name":"(anonymous_3)","decl":{"start":{"line":59,"column":19},"end":{"line":59,"column":22}},"loc":{"start":{"line":59,"column":25},"end":{"line":59,"column":66}}}},"branchMap":{"0":{"loc":{"start":{"line":20,"column":4},"end":{"line":23,"column":5}},"type":"if","locations":[{"start":{"line":20,"column":4},"end":{"line":23,"column":5}}]},"1":{"loc":{"start":{"line":20,"column":8},"end":{"line":20,"column":58}},"type":"binary-expr","locations":[{"start":{"line":20,"column":8},"end":{"line":20,"column":39}},{"start":{"line":20,"column":43},"end":{"line":20,"column":58}}]},"2":{"loc":{"start":{"line":34,"column":2},"end":{"line":36,"column":3}},"type":"if","locations":[{"start":{"line":34,"column":2},"end":{"line":36,"column":3}}]},"3":{"loc":{"start":{"line":38,"column":2},"end":{"line":51,"column":3}},"type":"if","locations":[{"start":{"line":38,"column":2},"end":{"line":51,"column":3}}]},"4":{"loc":{"start":{"line":53,"column":2},"end":{"line":66,"column":3}},"type":"if","locations":[{"start":{"line":53,"column":2},"end":{"line":66,"column":3}}]}},"s":{"0":2,"1":2,"2":2,"3":2,"4":2,"5":2,"6":0,"7":0,"8":0,"9":0,"10":0,"11":0,"12":0,"13":0,"14":0,"15":0,"16":0,"17":0,"18":0,"19":0,"20":0,"21":0,"22":0,"23":0,"24":2},"f":{"0":0,"1":0,"2":0,"3":0},"b":{"0":[0],"1":[0,0],"2":[0],"3":[0],"4":[0]}}
,"C:\\Users\\Admin\\stellar-burgers\\src\\components\\order-status\\index.ts": {"path":"C:\\Users\\Admin\\stellar-burgers\\src\\components\\order-status\\index.ts","statementMap":{"0":{"start":{"line":1,"column":0},"end":{"line":1,"column":9}},"1":{"start":{"line":1,"column":9},"end":{"line":1,"column":45}}},"fnMap":{"0":{"name":"(anonymous_0)","decl":{"start":{"line":1,"column":9},"end":{"line":1,"column":20}},"loc":{"start":{"line":1,"column":9},"end":{"line":1,"column":45}}}},"branchMap":{},"s":{"0":2,"1":2},"f":{"0":0},"b":{}}
,"C:\\Users\\Admin\\stellar-burgers\\src\\components\\order-status\\order-status.tsx": {"path":"C:\\Users\\Admin\\stellar-burgers\\src\\components\\order-status\\order-status.tsx","statementMap":{"0":{"start":{"line":1,"column":0},"end":{"line":1,"column":34}},"1":{"start":{"line":3,"column":0},"end":{"line":3,"column":36}},"2":{"start":{"line":5,"column":46},"end":{"line":9,"column":2}},"3":{"start":{"line":11,"column":49},"end":{"line":25,"column":1}},"4":{"start":{"line":12,"column":18},"end":{"line":12,"column":20}},"5":{"start":{"line":13,"column":2},"end":{"line":22,"column":3}},"6":{"start":{"line":15,"column":6},"end":{"line":15,"column":28}},"7":{"start":{"line":16,"column":6},"end":{"line":16,"column":12}},"8":{"start":{"line":18,"column":6},"end":{"line":18,"column":28}},"9":{"start":{"line":19,"column":6},"end":{"line":19,"column":12}},"10":{"start":{"line":21,"column":6},"end":{"line":21,"column":28}},"11":{"start":{"line":24,"column":2},"end":{"line":24,"column":78}},"12":{"start":{"line":11,"column":13},"end":{"line":11,"column":49}}},"fnMap":{"0":{"name":"(anonymous_1)","decl":{"start":{"line":11,"column":49},"end":{"line":11,"column":50}},"loc":{"start":{"line":11,"column":64},"end":{"line":25,"column":1}}}},"branchMap":{"0":{"loc":{"start":{"line":13,"column":2},"end":{"line":22,"column":3}},"type":"switch","locations":[{"start":{"line":14,"column":4},"end":{"line":16,"column":12}},{"start":{"line":17,"column":4},"end":{"line":19,"column":12}},{"start":{"line":20,"column":4},"end":{"line":21,"column":28}}]}},"s":{"0":2,"1":2,"2":2,"3":2,"4":0,"5":0,"6":0,"7":0,"8":0,"9":0,"10":0,"11":0,"12":2},"f":{"0":0},"b":{"0":[0,0,0]}}
,"C:\\Users\\Admin\\stellar-burgers\\src\\components\\orders-list\\index.ts": {"path":"C:\\Users\\Admin\\stellar-burgers\\src\\components\\orders-list\\index.ts","statementMap":{"0":{"start":{"line":1,"column":0},"end":{"line":1,"column":9}},"1":{"start":{"line":1,"column":9},"end":{"line":1,"column":43}}},"fnMap":{"0":{"name":"(anonymous_0)","decl":{"start":{"line":1,"column":9},"end":{"line":1,"column":19}},"loc":{"start":{"line":1,"column":9},"end":{"line":1,"column":43}}}},"branchMap":{},"s":{"0":2,"1":2},"f":{"0":0},"b":{}}
,"C:\\Users\\Admin\\stellar-burgers\\src\\components\\orders-list\\orders-list.tsx": {"path":"C:\\Users\\Admin\\stellar-burgers\\src\\components\\orders-list\\orders-list.tsx","statementMap":{"0":{"start":{"line":1,"column":0},"end":{"line":1,"column":33}},"1":{"start":{"line":4,"column":0},"end":{"line":4,"column":35}},"2":{"start":{"line":7,"column":13},"end":{"line":18,"column":2}},"3":{"start":{"line":9,"column":24},"end":{"line":11,"column":null}},"4":{"start":{"line":11,"column":8},"end":{"line":11,"column":73}},"5":{"start":{"line":14,"column":4},"end":{"line":16,"column":6}}},"fnMap":{"0":{"name":"(anonymous_0)","decl":{"start":{"line":8,"column":2},"end":{"line":8,"column":3}},"loc":{"start":{"line":8,"column":31},"end":{"line":17,"column":3}}},"1":{"name":"(anonymous_1)","decl":{"start":{"line":10,"column":6},"end":{"line":10,"column":7}},"loc":{"start":{"line":11,"column":8},"end":{"line":11,"column":73}}}},"branchMap":{},"s":{"0":2,"1":2,"2":2,"3":0,"4":0,"5":0},"f":{"0":0,"1":0},"b":{}}
,"C:\\Users\\Admin\\stellar-burgers\\src\\components\\profile-menu\\index.ts": {"path":"C:\\Users\\Admin\\stellar-burgers\\src\\components\\profile-menu\\index.ts","statementMap":{"0":{"start":{"line":1,"column":0},"end":{"line":1,"column":9}},"1":{"start":{"line":1,"column":9},"end":{"line":1,"column":45}}},"fnMap":{"0":{"name":"(anonymous_0)","decl":{"start":{"line":1,"column":9},"end":{"line":1,"column":20}},"loc":{"start":{"line":1,"column":9},"end":{"line":1,"column":45}}}},"branchMap":{},"s":{"0":2,"1":2},"f":{"0":0},"b":{}}
,"C:\\Users\\Admin\\stellar-burgers\\src\\components\\profile-menu\\profile-menu.tsx": {"path":"C:\\Users\\Admin\\stellar-burgers\\src\\components\\profile-menu\\profile-menu.tsx","statementMap":{"0":{"start":{"line":2,"column":0},"end":{"line":2,"column":60}},"1":{"start":{"line":3,"column":0},"end":{"line":3,"column":36}},"2":{"start":{"line":5,"column":0},"end":{"line":5,"column":58}},"3":{"start":{"line":6,"column":0},"end":{"line":6,"column":54}},"4":{"start":{"line":8,"column":31},"end":{"line":19,"column":1}},"5":{"start":{"line":9,"column":23},"end":{"line":9,"column":36}},"6":{"start":{"line":10,"column":19},"end":{"line":10,"column":35}},"7":{"start":{"line":11,"column":19},"end":{"line":11,"column":32}},"8":{"start":{"line":13,"column":23},"end":{"line":16,"column":3}},"9":{"start":{"line":14,"column":4},"end":{"line":14,"column":23}},"10":{"start":{"line":15,"column":4},"end":{"line":15,"column":23}},"11":{"start":{"line":18,"column":2},"end":{"line":18,"column":75}},"12":{"start":{"line":8,"column":13},"end":{"line":8,"column":31}}},"fnMap":{"0":{"name":"(anonymous_0)","decl":{"start":{"line":8,"column":31},"end":{"line":8,"column":34}},"loc":{"start":{"line":8,"column":36},"end":{"line":19,"column":1}}},"1":{"name":"(anonymous_1)","decl":{"start":{"line":13,"column":23},"end":{"line":13,"column":26}},"loc":{"start":{"line":13,"column":28},"end":{"line":16,"column":3}}}},"branchMap":{},"s":{"0":2,"1":2,"2":2,"3":2,"4":2,"5":0,"6":0,"7":0,"8":0,"9":0,"10":0,"11":0,"12":2},"f":{"0":0,"1":0},"b":{}}
,"C:\\Users\\Admin\\stellar-burgers\\src\\components\\ui\\index.ts": {"path":"C:\\Users\\Admin\\stellar-burgers\\src\\components\\ui\\index.ts","statementMap":{"0":{"start":{"line":1,"column":0},"end":{"line":1,"column":29}},"1":{"start":{"line":2,"column":0},"end":{"line":2,"column":37}},"2":{"start":{"line":3,"column":0},"end":{"line":3,"column":45}},"3":{"start":{"line":4,"column":0},"end":{"line":4,"column":36}},"4":{"start":{"line":5,"column":0},"end":{"line":5,"column":37}},"5":{"start":{"line":6,"column":0},"end":{"line":6,"column":28}},"6":{"start":{"line":7,"column":0},"end":{"line":7,"column":37}},"7":{"start":{"line":8,"column":0},"end":{"line":8,"column":39}},"8":{"start":{"line":9,"column":0},"end":{"line":9,"column":24}},"9":{"start":{"line":10,"column":0},"end":{"line":10,"column":32}},"10":{"start":{"line":11,"column":0},"end":{"line":11,"column":29}},"11":{"start":{"line":12,"column":0},"end":{"line":12,"column":32}},"12":{"start":{"line":13,"column":0},"end":{"line":13,"column":29}},"13":{"start":{"line":14,"column":0},"end":{"line":14,"column":31}},"14":{"start":{"line":15,"column":0},"end":{"line":15,"column":30}},"15":{"start":{"line":16,"column":0},"end":{"line":16,"column":28}},"16":{"start":{"line":17,"column":0},"end":{"line":17,"column":31}}},"fnMap":{},"branchMap":{},"s":{"0":2,"1":2,"2":2,"3":2,"4":2,"5":2,"6":2,"7":2,"8":2,"9":2,"10":2,"11":2,"12":2,"13":2,"14":2,"15":2,"16":2},"f":{},"b":{}}
,"C:\\Users\\Admin\\stellar-burgers\\src\\components\\ui\\app-header\\app-header.tsx": {"path":"C:\\Users\\Admin\\stellar-burgers\\src\\components\\ui\\app-header\\app-header.tsx","statementMap":{"0":{"start":{"line":1,"column":0},"end":{"line":1,"column":34}},"1":{"start":{"line":2,"column":0},"end":{"line":2,"column":43}},"2":{"start":{"line":3,"column":0},"end":{"line":3,"column":45}},"3":{"start":{"line":5,"column":0},"end":{"line":5,"column":null}},"4":{"start":{"line":12,"column":50},"end":{"line":54,"column":null}},"5":{"start":{"line":13,"column":2},"end":{"line":53,"column":null}},"6":{"start":{"line":19,"column":12},"end":{"line":19,"column":66}},"7":{"start":{"line":30,"column":12},"end":{"line":30,"column":66}},"8":{"start":{"line":44,"column":12},"end":{"line":44,"column":66}},"9":{"start":{"line":12,"column":13},"end":{"line":12,"column":50}}},"fnMap":{"0":{"name":"(anonymous_1)","decl":{"start":{"line":12,"column":50},"end":{"line":12,"column":51}},"loc":{"start":{"line":13,"column":2},"end":{"line":53,"column":null}}},"1":{"name":"(anonymous_2)","decl":{"start":{"line":18,"column":21},"end":{"line":18,"column":22}},"loc":{"start":{"line":19,"column":12},"end":{"line":19,"column":66}}},"2":{"name":"(anonymous_3)","decl":{"start":{"line":29,"column":21},"end":{"line":29,"column":22}},"loc":{"start":{"line":30,"column":12},"end":{"line":30,"column":66}}},"3":{"name":"(anonymous_4)","decl":{"start":{"line":43,"column":21},"end":{"line":43,"column":22}},"loc":{"start":{"line":44,"column":12},"end":{"line":44,"column":66}}}},"branchMap":{"0":{"loc":{"start":{"line":19,"column":30},"end":{"line":19,"column":64}},"type":"cond-expr","locations":[{"start":{"line":19,"column":41},"end":{"line":19,"column":59}},{"start":{"line":19,"column":62},"end":{"line":19,"column":64}}]},"1":{"loc":{"start":{"line":30,"column":30},"end":{"line":30,"column":64}},"type":"cond-expr","locations":[{"start":{"line":30,"column":41},"end":{"line":30,"column":59}},{"start":{"line":30,"column":62},"end":{"line":30,"column":64}}]},"2":{"loc":{"start":{"line":44,"column":30},"end":{"line":44,"column":64}},"type":"cond-expr","locations":[{"start":{"line":44,"column":41},"end":{"line":44,"column":59}},{"start":{"line":44,"column":62},"end":{"line":44,"column":64}}]},"3":{"loc":{"start":{"line":49,"column":13},"end":{"line":49,"column":41}},"type":"binary-expr","locations":[{"start":{"line":49,"column":13},"end":{"line":49,"column":21}},{"start":{"line":49,"column":25},"end":{"line":49,"column":41}}]}},"s":{"0":2,"1":2,"2":2,"3":2,"4":2,"5":0,"6":0,"7":0,"8":0,"9":2},"f":{"0":0,"1":0,"2":0,"3":0},"b":{"0":[0,0],"1":[0,0],"2":[0,0],"3":[0,0]}}
,"C:\\Users\\Admin\\stellar-burgers\\src\\components\\ui\\app-header\\index.ts": {"path":"C:\\Users\\Admin\\stellar-burgers\\src\\components\\ui\\app-header\\index.ts","statementMap":{"0":{"start":{"line":1,"column":0},"end":{"line":1,"column":9}},"1":{"start":{"line":1,"column":9},"end":{"line":1,"column":43}}},"fnMap":{"0":{"name":"(anonymous_0)","decl":{"start":{"line":1,"column":9},"end":{"line":1,"column":20}},"loc":{"start":{"line":1,"column":9},"end":{"line":1,"column":43}}}},"branchMap":{},"s":{"0":2,"1":2},"f":{"0":0},"b":{}}
,"C:\\Users\\Admin\\stellar-burgers\\src\\components\\ui\\burger-constructor\\burger-constructor.tsx": {"path":"C:\\Users\\Admin\\stellar-burgers\\src\\components\\ui\\burger-constructor\\burger-constructor.tsx","statementMap":{"0":{"start":{"line":1,"column":0},"end":{"line":1,"column":34}},"1":{"start":{"line":2,"column":0},"end":{"line":2,"column":null}},"2":{"start":{"line":7,"column":0},"end":{"line":7,"column":53}},"3":{"start":{"line":10,"column":0},"end":{"line":10,"column":62}},"4":{"start":{"line":11,"column":0},"end":{"line":11,"column":48}},"5":{"start":{"line":13,"column":65},"end":{"line":156,"column":1}},"6":{"start":{"line":23,"column":2},"end":{"line":29,"column":5}},"7":{"start":{"line":31,"column":2},"end":{"line":155,"column":4}},"8":{"start":{"line":61,"column":62},"end":{"line":61,"column":71}},"9":{"start":{"line":67,"column":16},"end":{"line":71,"column":null}},"10":{"start":{"line":13,"column":13},"end":{"line":13,"column":65}}},"fnMap":{"0":{"name":"(anonymous_1)","decl":{"start":{"line":13,"column":65},"end":{"line":13,"column":66}},"loc":{"start":{"line":22,"column":5},"end":{"line":156,"column":1}}},"1":{"name":"(anonymous_2)","decl":{"start":{"line":61,"column":20},"end":{"line":61,"column":21}},"loc":{"start":{"line":61,"column":62},"end":{"line":61,"column":71}}},"2":{"name":"(anonymous_3)","decl":{"start":{"line":63,"column":14},"end":{"line":63,"column":null}},"loc":{"start":{"line":67,"column":16},"end":{"line":71,"column":null}}}},"branchMap":{"0":{"loc":{"start":{"line":36,"column":7},"end":{"line":55,"column":null}},"type":"cond-expr","locations":[{"start":{"line":37,"column":8},"end":{"line":47,"column":null}},{"start":{"line":50,"column":8},"end":{"line":52,"column":null}}]},"1":{"loc":{"start":{"line":59,"column":9},"end":{"line":83,"column":null}},"type":"cond-expr","locations":[{"start":{"line":60,"column":10},"end":{"line":75,"column":null}},{"start":{"line":78,"column":10},"end":{"line":80,"column":null}}]},"2":{"loc":{"start":{"line":87,"column":7},"end":{"line":106,"column":null}},"type":"cond-expr","locations":[{"start":{"line":88,"column":8},"end":{"line":98,"column":null}},{"start":{"line":101,"column":8},"end":{"line":103,"column":null}}]},"3":{"loc":{"start":{"line":128,"column":7},"end":{"line":138,"column":null}},"type":"binary-expr","locations":[{"start":{"line":128,"column":7},"end":{"line":128,"column":19}},{"start":{"line":129,"column":8},"end":{"line":137,"column":null}}]},"4":{"loc":{"start":{"line":141,"column":7},"end":{"line":152,"column":null}},"type":"binary-expr","locations":[{"start":{"line":141,"column":7},"end":{"line":141,"column":21}},{"start":{"line":141,"column":25},"end":{"line":141,"column":61}},{"start":{"line":142,"column":8},"end":{"line":151,"column":null}}]},"5":{"loc":{"start":{"line":141,"column":25},"end":{"line":141,"column":47}},"type":"cond-expr","locations":[{"start":{"line":141,"column":39},"end":{"line":141,"column":41}},{"start":{"line":141,"column":25},"end":{"line":141,"column":47}}]},"6":{"loc":{"start":{"line":141,"column":25},"end":{"line":141,"column":41}},"type":"binary-expr","locations":[{"start":{"line":141,"column":25},"end":{"line":141,"column":41}},{"start":{"line":141,"column":25},"end":{"line":141,"column":41}}]}},"s":{"0":2,"1":2,"2":2,"3":2,"4":2,"5":2,"6":30,"7":30,"8":0,"9":0,"10":2},"f":{"0":30,"1":0,"2":0},"b":{"0":[0,30],"1":[0,30],"2":[0,30],"3":[30,0],"4":[30,0,0],"5":[0,0],"6":[0,0]}}
,"C:\\Users\\Admin\\stellar-burgers\\src\\components\\ui\\burger-constructor\\index.ts": {"path":"C:\\Users\\Admin\\stellar-burgers\\src\\components\\ui\\burger-constructor\\index.ts","statementMap":{"0":{"start":{"line":1,"column":0},"end":{"line":1,"column":9}},"1":{"start":{"line":1,"column":9},"end":{"line":1,"column":59}}},"fnMap":{"0":{"name":"(anonymous_0)","decl":{"start":{"line":1,"column":9},"end":{"line":1,"column":28}},"loc":{"start":{"line":1,"column":9},"end":{"line":1,"column":59}}}},"branchMap":{},"s":{"0":2,"1":32},"f":{"0":30},"b":{}}
,"C:\\Users\\Admin\\stellar-burgers\\src\\components\\ui\\burger-constructor-element\\burger-constructor-element.tsx": {"path":"C:\\Users\\Admin\\stellar-burgers\\src\\components\\ui\\burger-constructor-element\\burger-constructor-element.tsx","statementMap":{"0":{"start":{"line":1,"column":0},"end":{"line":1,"column":40}},"1":{"start":{"line":2,"column":0},"end":{"line":2,"column":61}},"2":{"start":{"line":3,"column":0},"end":{"line":3,"column":81}},"3":{"start":{"line":5,"column":0},"end":{"line":5,"column":73}},"4":{"start":{"line":7,"column":13},"end":{"line":34,"column":4}},"5":{"start":{"line":17,"column":6},"end":{"line":31,"column":null}}},"fnMap":{"0":{"name":"(anonymous_7)","decl":{"start":{"line":9,"column":4},"end":{"line":9,"column":5}},"loc":{"start":{"line":17,"column":6},"end":{"line":31,"column":null}}}},"branchMap":{},"s":{"0":2,"1":2,"2":2,"3":2,"4":2,"5":0},"f":{"0":0},"b":{}}
,"C:\\Users\\Admin\\stellar-burgers\\src\\components\\ui\\burger-constructor-element\\index.ts": {"path":"C:\\Users\\Admin\\stellar-burgers\\src\\components\\ui\\burger-constructor-element\\index.ts","statementMap":{"0":{"start":{"line":1,"column":0},"end":{"line":1,"column":9}},"1":{"start":{"line":1,"column":9},"end":{"line":1,"column":74}}},"fnMap":{"0":{"name":"(anonymous_0)","decl":{"start":{"line":1,"column":9},"end":{"line":1,"column":35}},"loc":{"start":{"line":1,"column":9},"end":{"line":1,"column":74}}}},"branchMap":{},"s":{"0":2,"1":2},"f":{"0":0},"b":{}}
[...]
":{"line":139,"column":53}},"59":{"start":{"line":133,"column":13},"end":{"line":133,"column":35}},"60":{"start":{"line":153,"column":31},"end":{"line":165,"column":6}},"61":{"start":{"line":154,"column":2},"end":{"line":165,"column":6}},"62":{"start":{"line":161,"column":19},"end":{"line":161,"column":52}},"63":{"start":{"line":163,"column":6},"end":{"line":163,"column":37}},"64":{"start":{"line":163,"column":25},"end":{"line":163,"column":37}},"65":{"start":{"line":164,"column":6},"end":{"line":164,"column":34}},"66":{"start":{"line":153,"column":13},"end":{"line":153,"column":31}},"67":{"start":{"line":172,"column":28},"end":{"line":184,"column":6}},"68":{"start":{"line":173,"column":2},"end":{"line":184,"column":6}},"69":{"start":{"line":180,"column":19},"end":{"line":180,"column":52}},"70":{"start":{"line":182,"column":6},"end":{"line":182,"column":37}},"71":{"start":{"line":182,"column":25},"end":{"line":182,"column":37}},"72":{"start":{"line":183,"column":6},"end":{"line":183,"column":34}},"73":{"start":{"line":172,"column":13},"end":{"line":172,"column":28}},"74":{"start":{"line":186,"column":33},"end":{"line":198,"column":6}},"75":{"start":{"line":187,"column":2},"end":{"line":198,"column":6}},"76":{"start":{"line":194,"column":19},"end":{"line":194,"column":58}},"77":{"start":{"line":196,"column":6},"end":{"line":196,"column":37}},"78":{"start":{"line":196,"column":25},"end":{"line":196,"column":37}},"79":{"start":{"line":197,"column":6},"end":{"line":197,"column":34}},"80":{"start":{"line":186,"column":13},"end":{"line":186,"column":33}},"81":{"start":{"line":200,"column":32},"end":{"line":212,"column":6}},"82":{"start":{"line":201,"column":2},"end":{"line":212,"column":6}},"83":{"start":{"line":208,"column":19},"end":{"line":208,"column":58}},"84":{"start":{"line":210,"column":6},"end":{"line":210,"column":37}},"85":{"start":{"line":210,"column":25},"end":{"line":210,"column":37}},"86":{"start":{"line":211,"column":6},"end":{"line":211,"column":34}},"87":{"start":{"line":200,"column":13},"end":{"line":200,"column":32}},"88":{"start":{"line":216,"column":26},"end":{"line":221,"column":4}},"89":{"start":{"line":217,"column":2},"end":{"line":221,"column":4}},"90":{"start":{"line":216,"column":13},"end":{"line":216,"column":26}},"91":{"start":{"line":223,"column":29},"end":{"line":231,"column":4}},"92":{"start":{"line":224,"column":2},"end":{"line":231,"column":4}},"93":{"start":{"line":223,"column":13},"end":{"line":223,"column":29}},"94":{"start":{"line":233,"column":25},"end":{"line":242,"column":59}},"95":{"start":{"line":234,"column":2},"end":{"line":242,"column":59}},"96":{"start":{"line":242,"column":19},"end":{"line":242,"column":58}},"97":{"start":{"line":233,"column":13},"end":{"line":233,"column":25}}},"fnMap":{"0":{"name":"(anonymous_7)","decl":{"start":{"line":13,"column":22},"end":{"line":13,"column":26}},"loc":{"start":{"line":14,"column":2},"end":{"line":14,"column":69}}},"1":{"name":"(anonymous_8)","decl":{"start":{"line":14,"column":40},"end":{"line":14,"column":41}},"loc":{"start":{"line":14,"column":49},"end":{"line":14,"column":68}}},"2":{"name":"(anonymous_9)","decl":{"start":{"line":25,"column":28},"end":{"line":25,"column":58}},"loc":{"start":{"line":26,"column":2},"end":{"line":43,"column":6}}},"3":{"name":"(anonymous_10)","decl":{"start":{"line":35,"column":10},"end":{"line":35,"column":11}},"loc":{"start":{"line":35,"column":19},"end":{"line":35,"column":55}}},"4":{"name":"(anonymous_11)","decl":{"start":{"line":36,"column":10},"end":{"line":36,"column":11}},"loc":{"start":{"line":36,"column":26},"end":{"line":43,"column":5}}},"5":{"name":"(anonymous_12)","decl":{"start":{"line":45,"column":32},"end":{"line":45,"column":null}},"loc":{"start":{"line":48,"column":4},"end":{"line":65,"column":2}}},"6":{"name":"(anonymous_13)","decl":{"start":{"line":48,"column":4},"end":{"line":48,"column":null}},"loc":{"start":{"line":48,"column":4},"end":{"line":65,"column":1}}},"7":{"name":"(anonymous_14)","decl":{"start":{"line":80,"column":33},"end":{"line":80,"column":36}},"loc":{"start":{"line":81,"column":2},"end":{"line":86,"column":6}}},"8":{"name":"(anonymous_15)","decl":{"start":{"line":82,"column":10},"end":{"line":82,"column":11}},"loc":{"start":{"line":82,"column":19},"end":{"line":82,"column":59}}},"9":{"name":"(anonymous_16)","decl":{"start":{"line":83,"column":10},"end":{"line":83,"column":11}},"loc":{"start":{"line":83,"column":19},"end":{"line":86,"column":5}}},"10":{"name":"(anonymous_17)","decl":{"start":{"line":88,"column":27},"end":{"line":88,"column":30}},"loc":{"start":{"line":89,"column":2},"end":{"line":94,"column":6}}},"11":{"name":"(anonymous_18)","decl":{"start":{"line":90,"column":10},"end":{"line":90,"column":11}},"loc":{"start":{"line":90,"column":19},"end":{"line":90,"column":53}}},"12":{"name":"(anonymous_19)","decl":{"start":{"line":91,"column":10},"end":{"line":91,"column":11}},"loc":{"start":{"line":91,"column":19},"end":{"line":94,"column":5}}},"13":{"name":"(anonymous_20)","decl":{"start":{"line":96,"column":28},"end":{"line":96,"column":31}},"loc":{"start":{"line":97,"column":2},"end":{"line":106,"column":4}}},"14":{"name":"(anonymous_21)","decl":{"start":{"line":103,"column":10},"end":{"line":103,"column":11}},"loc":{"start":{"line":103,"column":19},"end":{"line":106,"column":3}}},"15":{"name":"(anonymous_22)","decl":{"start":{"line":114,"column":30},"end":{"line":114,"column":31}},"loc":{"start":{"line":115,"column":2},"end":{"line":127,"column":4}}},"16":{"name":"(anonymous_23)","decl":{"start":{"line":124,"column":10},"end":{"line":124,"column":11}},"loc":{"start":{"line":124,"column":19},"end":{"line":127,"column":3}}},"17":{"name":"(anonymous_24)","decl":{"start":{"line":133,"column":35},"end":{"line":133,"column":36}},"loc":{"start":{"line":134,"column":2},"end":{"line":139,"column":54}}},"18":{"name":"(anonymous_25)","decl":{"start":{"line":139,"column":10},"end":{"line":139,"column":11}},"loc":{"start":{"line":139,"column":19},"end":{"line":139,"column":53}}},"19":{"name":"(anonymous_26)","decl":{"start":{"line":153,"column":31},"end":{"line":153,"column":32}},"loc":{"start":{"line":154,"column":2},"end":{"line":165,"column":6}}},"20":{"name":"(anonymous_27)","decl":{"start":{"line":161,"column":10},"end":{"line":161,"column":11}},"loc":{"start":{"line":161,"column":19},"end":{"line":161,"column":52}}},"21":{"name":"(anonymous_28)","decl":{"start":{"line":162,"column":10},"end":{"line":162,"column":11}},"loc":{"start":{"line":162,"column":19},"end":{"line":165,"column":5}}},"22":{"name":"(anonymous_29)","decl":{"start":{"line":172,"column":28},"end":{"line":172,"column":29}},"loc":{"start":{"line":173,"column":2},"end":{"line":184,"column":6}}},"23":{"name":"(anonymous_30)","decl":{"start":{"line":180,"column":10},"end":{"line":180,"column":11}},"loc":{"start":{"line":180,"column":19},"end":{"line":180,"column":52}}},"24":{"name":"(anonymous_31)","decl":{"start":{"line":181,"column":10},"end":{"line":181,"column":11}},"loc":{"start":{"line":181,"column":19},"end":{"line":184,"column":5}}},"25":{"name":"(anonymous_32)","decl":{"start":{"line":186,"column":33},"end":{"line":186,"column":34}},"loc":{"start":{"line":187,"column":2},"end":{"line":198,"column":6}}},"26":{"name":"(anonymous_33)","decl":{"start":{"line":194,"column":10},"end":{"line":194,"column":11}},"loc":{"start":{"line":194,"column":19},"end":{"line":194,"column":58}}},"27":{"name":"(anonymous_34)","decl":{"start":{"line":195,"column":10},"end":{"line":195,"column":11}},"loc":{"start":{"line":195,"column":19},"end":{"line":198,"column":5}}},"28":{"name":"(anonymous_35)","decl":{"start":{"line":200,"column":32},"end":{"line":200,"column":33}},"loc":{"start":{"line":201,"column":2},"end":{"line":212,"column":6}}},"29":{"name":"(anonymous_36)","decl":{"start":{"line":208,"column":10},"end":{"line":208,"column":11}},"loc":{"start":{"line":208,"column":19},"end":{"line":208,"column":58}}},"30":{"name":"(anonymous_37)","decl":{"start":{"line":209,"column":10},"end":{"line":209,"column":11}},"loc":{"start":{"line":209,"column":19},"end":{"line":212,"column":5}}},"31":{"name":"(anonymous_38)","decl":{"start":{"line":216,"column":26},"end":{"line":216,"column":29}},"loc":{"start":{"line":217,"column":2},"end":{"line":221,"column":4}}},"32":{"name":"(anonymous_39)","decl":{"start":{"line":223,"column":29},"end":{"line":223,"column":30}},"loc":{"start":{"line":224,"column":2},"end":{"line":231,"column":4}}},"33":{"name":"(anonymous_40)","decl":{"start":{"line":233,"column":25},"end":{"line":233,"column":28}},"loc":{"start":{"line":234,"column":2},"end":{"line":242,"column":59}}},"34":{"name":"(anonymous_41)","decl":{"start":{"line":242,"column":10},"end":{"line":242,"column":11}},"loc":{"start":{"line":242,"column":19},"end":{"line":242,"column":58}}}},"branchMap":{"0":{"loc":{"start":{"line":9,"column":0},"end":{"line":11,"column":1}},"type":"if","locations":[{"start":{"line":9,"column":0},"end":{"line":11,"column":1}}]},"1":{"loc":{"start":{"line":14,"column":2},"end":{"line":14,"column":69}},"type":"cond-expr","locations":[{"start":{"line":14,"column":11},"end":{"line":14,"column":21}},{"start":{"line":14,"column":24},"end":{"line":14,"column":69}}]},"2":{"loc":{"start":{"line":37,"column":6},"end":{"line":39,"column":7}},"type":"if","locations":[{"start":{"line":37,"column":6},"end":{"line":39,"column":7}}]},"3":{"loc":{"start":{"line":53,"column":4},"end":{"line":63,"column":5}},"type":"if","locations":[{"start":{"line":53,"column":4},"end":{"line":63,"column":5}},{"start":{"line":61,"column":11},"end":{"line":63,"column":5}}]},"4":{"loc":{"start":{"line":55,"column":6},"end":{"line":58,"column":7}},"type":"if","locations":[{"start":{"line":55,"column":6},"end":{"line":58,"column":7}}]},"5":{"loc":{"start":{"line":84,"column":6},"end":{"line":84,"column":42}},"type":"if","locations":[{"start":{"line":84,"column":6},"end":{"line":84,"column":42}}]},"6":{"loc":{"start":{"line":84,"column":10},"end":{"line":84,"column":23}},"type":"cond-expr","locations":[{"start":{"line":84,"column":14},"end":{"line":84,"column":16}},{"start":{"line":84,"column":10},"end":{"line":84,"column":23}}]},"7":{"loc":{"start":{"line":84,"column":10},"end":{"line":84,"column":16}},"type":"binary-expr","locations":[{"start":{"line":84,"column":10},"end":{"line":84,"column":16}},{"start":{"line":84,"column":10},"end":{"line":84,"column":16}}]},"8":{"loc":{"start":{"line":92,"column":6},"end":{"line":92,"column":37}},"type":"if","locations":[{"start":{"line":92,"column":6},"end":{"line":92,"column":37}}]},"9":{"loc":{"start":{"line":92,"column":10},"end":{"line":92,"column":23}},"type":"cond-expr","locations":[{"start":{"line":92,"column":14},"end":{"line":92,"column":16}},{"start":{"line":92,"column":10},"end":{"line":92,"column":23}}]},"10":{"loc":{"start":{"line":92,"column":10},"end":{"line":92,"column":16}},"type":"binary-expr","locations":[{"start":{"line":92,"column":10},"end":{"line":92,"column":16}},{"start":{"line":92,"column":10},"end":{"line":92,"column":16}}]},"11":{"loc":{"start":{"line":104,"column":4},"end":{"line":104,"column":42}},"type":"if","locations":[{"start":{"line":104,"column":4},"end":{"line":104,"column":42}}]},"12":{"loc":{"start":{"line":104,"column":8},"end":{"line":104,"column":21}},"type":"cond-expr","locations":[{"start":{"line":104,"column":12},"end":{"line":104,"column":14}},{"start":{"line":104,"column":8},"end":{"line":104,"column":21}}]},"13":{"loc":{"start":{"line":104,"column":8},"end":{"line":104,"column":14}},"type":"binary-expr","locations":[{"start":{"line":104,"column":8},"end":{"line":104,"column":14}},{"start":{"line":104,"column":8},"end":{"line":104,"column":14}}]},"14":{"loc":{"start":{"line":125,"column":4},"end":{"line":125,"column":35}},"type":"if","locations":[{"start":{"line":125,"column":4},"end":{"line":125,"column":35}}]},"15":{"loc":{"start":{"line":125,"column":8},"end":{"line":125,"column":21}},"type":"cond-expr","locations":[{"start":{"line":125,"column":12},"end":{"line":125,"column":14}},{"start":{"line":125,"column":8},"end":{"line":125,"column":21}}]},"16":{"loc":{"start":{"line":125,"column":8},"end":{"line":125,"column":14}},"type":"binary-expr","locations":[{"start":{"line":125,"column":8},"end":{"line":125,"column":14}},{"start":{"line":125,"column":8},"end":{"line":125,"column":14}}]},"17":{"loc":{"start":{"line":163,"column":6},"end":{"line":163,"column":37}},"type":"if","locations":[{"start":{"line":163,"column":6},"end":{"line":163,"column":37}}]},"18":{"loc":{"start":{"line":163,"column":10},"end":{"line":163,"column":23}},"type":"cond-expr","locations":[{"start":{"line":163,"column":14},"end":{"line":163,"column":16}},{"start":{"line":163,"column":10},"end":{"line":163,"column":23}}]},"19":{"loc":{"start":{"line":163,"column":10},"end":{"line":163,"column":16}},"type":"binary-expr","locations":[{"start":{"line":163,"column":10},"end":{"line":163,"column":16}},{"start":{"line":163,"column":10},"end":{"line":163,"column":16}}]},"20":{"loc":{"start":{"line":182,"column":6},"end":{"line":182,"column":37}},"type":"if","locations":[{"start":{"line":182,"column":6},"end":{"line":182,"column":37}}]},"21":{"loc":{"start":{"line":182,"column":10},"end":{"line":182,"column":23}},"type":"cond-expr","locations":[{"start":{"line":182,"column":14},"end":{"line":182,"column":16}},{"start":{"line":182,"column":10},"end":{"line":182,"column":23}}]},"22":{"loc":{"start":{"line":182,"column":10},"end":{"line":182,"column":16}},"type":"binary-expr","locations":[{"start":{"line":182,"column":10},"end":{"line":182,"column":16}},{"start":{"line":182,"column":10},"end":{"line":182,"column":16}}]},"23":{"loc":{"start":{"line":196,"column":6},"end":{"line":196,"column":37}},"type":"if","locations":[{"start":{"line":196,"column":6},"end":{"line":196,"column":37}}]},"24":{"loc":{"start":{"line":196,"column":10},"end":{"line":196,"column":23}},"type":"cond-expr","locations":[{"start":{"line":196,"column":14},"end":{"line":196,"column":16}},{"start":{"line":196,"column":10},"end":{"line":196,"column":23}}]},"25":{"loc":{"start":{"line":196,"column":10},"end":{"line":196,"column":16}},"type":"binary-expr","locations":[{"start":{"line":196,"column":10},"end":{"line":196,"column":16}},{"start":{"line":196,"column":10},"end":{"line":196,"column":16}}]},"26":{"loc":{"start":{"line":210,"column":6},"end":{"line":210,"column":37}},"type":"if","locations":[{"start":{"line":210,"column":6},"end":{"line":210,"column":37}}]},"27":{"loc":{"start":{"line":210,"column":10},"end":{"line":210,"column":23}},"type":"cond-expr","locations":[{"start":{"line":210,"column":14},"end":{"line":210,"column":16}},{"start":{"line":210,"column":10},"end":{"line":210,"column":23}}]},"28":{"loc":{"start":{"line":210,"column":10},"end":{"line":210,"column":16}},"type":"binary-expr","locations":[{"start":{"line":210,"column":10},"end":{"line":210,"column":16}},{"start":{"line":210,"column":10},"end":{"line":210,"column":16}}]}},"s":{"0":4,"1":4,"2":4,"3":4,"4":0,"5":4,"6":0,"7":0,"8":4,"9":0,"10":0,"11":0,"12":0,"13":0,"14":0,"15":0,"16":4,"17":4,"18":0,"19":0,"20":0,"21":0,"22":0,"23":0,"24":0,"25":0,"26":0,"27":0,"28":0,"29":4,"30":4,"31":0,"32":0,"33":0,"34":0,"35":0,"36":4,"37":4,"38":0,"39":0,"40":0,"41":0,"42":0,"43":4,"44":4,"45":0,"46":0,"47":0,"48":0,"49":4,"50":4,"51":0,"52":0,"53":0,"54":0,"55":4,"56":4,"57":0,"58":0,"59":4,"60":4,"61":0,"62":0,"63":0,"64":0,"65":0,"66":4,"67":4,"68":0,"69":0,"70":0,"71":0,"72":0,"73":4,"74":4,"75":0,"76":0,"77":0,"78":0,"79":0,"80":4,"81":4,"82":0,"83":0,"84":0,"85":0,"86":0,"87":4,"88":4,"89":0,"90":4,"91":4,"92":0,"93":4,"94":4,"95":0,"96":0,"97":4},"f":{"0":0,"1":0,"2":0,"3":0,"4":0,"5":0,"6":0,"7":0,"8":0,"9":0,"10":0,"11":0,"12":0,"13":0,"14":0,"15":0,"16":0,"17":0,"18":0,"19":0,"20":0,"21":0,"22":0,"23":0,"24":0,"25":0,"26":0,"27":0,"28":0,"29":0,"30":0,"31":0,"32":0,"33":0,"34":0},"b":{"0":[0],"1":[0,0],"2":[0],"3":[0,0],"4":[0],"5":[0],"6":[0,0],"7":[0,0],"8":[0],"9":[0,0],"10":[0,0],"11":[0],"12":[0,0],"13":[0,0],"14":[0],"15":[0,0],"16":[0,0],"17":[0],"18":[0,0],"19":[0,0],"20":[0],"21":[0,0],"22":[0,0],"23":[0],"24":[0,0],"25":[0,0],"26":[0],"27":[0,0],"28":[0,0]}}
,"C:\\Users\\Admin\\stellar-burgers\\src\\utils\\cookie.ts": {"path":"C:\\Users\\Admin\\stellar-burgers\\src\\utils\\cookie.ts","statementMap":{"0":{"start":{"line":2,"column":18},"end":{"line":8,"column":null}},"1":{"start":{"line":10,"column":2},"end":{"line":10,"column":62}},"2":{"start":{"line":1,"column":0},"end":{"line":1,"column":16}},"3":{"start":{"line":18,"column":2},"end":{"line":21,"column":4}},"4":{"start":{"line":23,"column":12},"end":{"line":23,"column":25}},"5":{"start":{"line":24,"column":2},"end":{"line":28,"column":3}},"6":{"start":{"line":25,"column":14},"end":{"line":25,"column":24}},"7":{"start":{"line":26,"column":4},"end":{"line":26,"column":40}},"8":{"start":{"line":27,"column":4},"end":{"line":27,"column":28}},"9":{"start":{"line":30,"column":2},"end":{"line":32,"column":3}},"10":{"start":{"line":31,"column":4},"end":{"line":31,"column":38}},"11":{"start":{"line":33,"column":2},"end":{"line":33,"column":36}},"12":{"start":{"line":34,"column":22},"end":{"line":34,"column":40}},"13":{"start":{"line":35,"column":2},"end":{"line":41,"column":3}},"14":{"start":{"line":36,"column":4},"end":{"line":36,"column":37}},"15":{"start":{"line":37,"column":22},"end":{"line":37,"column":37}},"16":{"start":{"line":38,"column":4},"end":{"line":40,"column":5}},"17":{"start":{"line":39,"column":6},"end":{"line":39,"column":39}},"18":{"start":{"line":42,"column":2},"end":{"line":42,"column":34}},"19":{"start":{"line":13,"column":0},"end":{"line":13,"column":16}},"20":{"start":{"line":46,"column":2},"end":{"line":46,"column":39}},"21":{"start":{"line":45,"column":0},"end":{"line":45,"column":16}}},"fnMap":{"0":{"name":"getCookie","decl":{"start":{"line":1,"column":16},"end":{"line":1,"column":25}},"loc":{"start":{"line":1,"column":38},"end":{"line":11,"column":1}}},"1":{"name":"setCookie","decl":{"start":{"line":13,"column":16},"end":{"line":13,"column":25}},"loc":{"start":{"line":16,"column":65},"end":{"line":43,"column":1}}},"2":{"name":"deleteCookie","decl":{"start":{"line":45,"column":16},"end":{"line":45,"column":28}},"loc":{"start":{"line":45,"column":41},"end":{"line":47,"column":1}}}},"branchMap":{"0":{"loc":{"start":{"line":10,"column":9},"end":{"line":10,"column":61}},"type":"cond-expr","locations":[{"start":{"line":10,"column":19},"end":{"line":10,"column":49}},{"start":{"line":10,"column":52},"end":{"line":10,"column":61}}]},"1":{"loc":{"start":{"line":16,"column":2},"end":{"line":16,"column":65}},"type":"default-arg","locations":[{"start":{"line":16,"column":63},"end":{"line":16,"column":65}}]},"2":{"loc":{"start":{"line":24,"column":2},"end":{"line":28,"column":3}},"type":"if","locations":[{"start":{"line":24,"column":2},"end":{"line":28,"column":3}}]},"3":{"loc":{"start":{"line":24,"column":6},"end":{"line":24,"column":36}},"type":"binary-expr","locations":[{"start":{"line":24,"column":6},"end":{"line":24,"column":9}},{"start":{"line":24,"column":13},"end":{"line":24,"column":36}}]},"4":{"loc":{"start":{"line":30,"column":2},"end":{"line":32,"column":3}},"type":"if","locations":[{"start":{"line":30,"column":2},"end":{"line":32,"column":3}}]},"5":{"loc":{"start":{"line":30,"column":6},"end":{"line":30,"column":32}},"type":"binary-expr","locations":[{"start":{"line":30,"column":6},"end":{"line":30,"column":9}},{"start":{"line":30,"column":13},"end":{"line":30,"column":32}}]},"6":{"loc":{"start":{"line":38,"column":4},"end":{"line":40,"column":5}},"type":"if","locations":[{"start":{"line":38,"column":4},"end":{"line":40,"column":5}}]}},"s":{"0":0,"1":0,"2":4,"3":0,"4":0,"5":0,"6":0,"7":0,"8":0,"9":0,"10":0,"11":0,"12":0,"13":0,"14":0,"15":0,"16":0,"17":0,"18":0,"19":4,"20":0,"21":4},"f":{"0":0,"1":0,"2":0},"b":{"0":[0,0],"1":[0],"2":[0],"3":[0,0],"4":[0],"5":[0,0],"6":[0]}}
}
