TN:
SF:src\components\index.ts
FNF:0
FNH:0
DA:1,2
DA:2,2
DA:3,2
DA:4,2
DA:5,2
DA:6,2
DA:7,2
DA:8,2
DA:9,2
DA:10,2
DA:11,2
DA:12,2
DA:13,2
DA:14,2
LF:14
LH:14
BRF:0
BRH:0
end_of_record
TN:
SF:src\components\app-header\app-header.tsx
FN:6,(anonymous_0)
FNF:1
FNH:0
FNDA:0,(anonymous_0)
DA:2,2
DA:3,2
DA:4,2
DA:6,2
DA:7,0
DA:9,0
LF:6
LH:4
BRF:0
BRH:0
end_of_record
TN:
SF:src\components\app-header\index.ts
FN:1,(anonymous_0)
FNF:1
FNH:0
FNDA:0,(anonymous_0)
DA:1,2
LF:1
LH:1
BRF:0
BRH:0
end_of_record
TN:
SF:src\components\burger-constructor\burger-constructor.tsx
FN:28,(anonymous_7)
FN:46,(anonymous_8)
FN:48,(anonymous_9)
FN:56,(anonymous_10)
FN:61,(anonymous_11)
FN:67,(anonymous_12)
FN:73,(anonymous_13)
FN:78,(anonymous_14)
FN:90,(anonymous_15)
FN:98,(anonymous_16)
FN:106,(anonymous_17)
FN:106,(anonymous_18)
FN:195,(anonymous_19)
FN:203,(anonymous_20)
FNF:14
FNH:9
FNDA:30,(anonymous_7)
FNDA:14,(anonymous_8)
FNDA:0,(anonymous_9)
FNDA:16,(anonymous_10)
FNDA:14,(anonymous_11)
FNDA:14,(anonymous_12)
FNDA:14,(anonymous_13)
FNDA:0,(anonymous_14)
FNDA:14,(anonymous_15)
FNDA:0,(anonymous_16)
FNDA:2,(anonymous_17)
FNDA:2,(anonymous_18)
FNDA:0,(anonymous_19)
FNDA:0,(anonymous_20)
DA:1,2
DA:2,2
DA:3,2
DA:4,2
DA:8,2
DA:12,2
DA:13,2
DA:14,2
DA:15,2
DA:19,2
DA:28,2
DA:29,30
DA:30,30
DA:31,30
DA:33,30
DA:34,30
DA:37,30
DA:38,30
DA:39,30
DA:40,30
DA:42,30
DA:43,30
DA:46,30
DA:47,14
DA:48,14
DA:52,30
DA:55,30
DA:56,16
DA:61,30
DA:62,14
DA:63,14
DA:67,30
DA:68,14
DA:69,14
DA:70,14
DA:73,30
DA:74,14
DA:76,0
DA:77,0
DA:78,0
DA:81,0
DA:82,0
DA:87,0
DA:90,30
DA:91,14
DA:92,14
DA:96,0
DA:98,0
DA:102,0
DA:103,0
DA:106,30
DA:107,2
DA:108,2
DA:110,2
DA:112,2
DA:113,2
DA:114,2
DA:117,2
DA:118,2
DA:121,0
DA:122,0
DA:123,0
DA:127,0
DA:128,0
DA:131,0
DA:132,0
DA:133,0
DA:136,0
DA:137,0
DA:140,0
DA:141,0
DA:142,0
DA:145,0
DA:146,0
DA:149,0
DA:150,0
DA:152,0
DA:153,0
DA:154,0
DA:155,0
DA:157,0
DA:158,0
DA:160,0
DA:162,0
DA:163,0
DA:164,0
DA:165,0
DA:169,0
DA:170,0
DA:171,0
DA:172,0
DA:174,0
DA:177,0
DA:178,0
DA:180,0
DA:182,0
DA:195,30
DA:196,0
DA:197,0
DA:198,0
DA:202,30
DA:204,0
DA:208,0
DA:213,30
DA:218,30
DA:229,30
LF:106
LH:54
BRDA:47,0,0,0
BRDA:47,1,0,14
BRDA:47,1,1,14
BRDA:48,2,0,0
BRDA:48,2,1,0
BRDA:52,3,0,30
BRDA:52,3,1,0
BRDA:56,4,0,16
BRDA:56,4,1,16
BRDA:56,4,2,0
BRDA:56,4,3,0
BRDA:56,4,4,0
BRDA:62,5,0,14
BRDA:70,6,0,0
BRDA:74,7,0,14
BRDA:76,8,0,0
BRDA:76,8,1,0
BRDA:76,9,0,0
BRDA:76,9,1,0
BRDA:78,10,0,0
BRDA:78,10,1,0
BRDA:78,11,0,0
BRDA:78,11,1,0
BRDA:91,12,0,14
BRDA:91,13,0,14
BRDA:91,13,1,0
BRDA:112,14,0,2
BRDA:121,15,0,0
BRDA:131,16,0,0
BRDA:140,17,0,0
BRDA:162,18,0,0
BRDA:162,18,1,0
BRDA:169,19,0,0
BRDA:169,19,1,0
BRDA:214,20,0,30
BRDA:214,20,1,30
BRF:36
BRH:12
end_of_record
TN:
SF:src\components\burger-constructor\index.ts
FN:1,(anonymous_0)
FNF:1
FNH:1
FNDA:14,(anonymous_0)
DA:1,16
LF:1
LH:1
BRF:0
BRH:0
end_of_record
TN:
SF:src\components\burger-constructor-element\burger-constructor-element.tsx
FN:8,(anonymous_0)
FN:13,(anonymous_1)
FN:19,(anonymous_2)
FN:26,(anonymous_3)
FNF:4
FNH:0
FNDA:0,(anonymous_0)
FNDA:0,(anonymous_1)
FNDA:0,(anonymous_2)
FNDA:0,(anonymous_3)
DA:1,2
DA:2,2
DA:3,2
DA:4,2
DA:7,2
DA:9,0
DA:11,0
DA:13,0
DA:14,0
DA:15,0
DA:19,0
DA:20,0
DA:21,0
DA:26,0
DA:27,0
DA:28,0
DA:30,0
DA:34,0
DA:47,2
LF:19
LH:6
BRDA:11,0,0,0
BRDA:14,1,0,0
BRDA:20,2,0,0
BRDA:27,3,0,0
BRDA:27,3,1,0
BRF:5
BRH:0
end_of_record
TN:
SF:src\components\burger-constructor-element\index.ts
FN:1,(anonymous_0)
FNF:1
FNH:0
FNDA:0,(anonymous_0)
DA:1,2
LF:1
LH:1
BRF:0
BRH:0
end_of_record
TN:
SF:src\components\burger-ingredient\burger-ingredient.tsx
FN:11,(anonymous_0)
FN:32,(anonymous_1)
FNF:2
FNH:0
FNDA:0,(anonymous_0)
FNDA:0,(anonymous_1)
DA:1,2
DA:2,2
DA:3,2
DA:4,2
DA:6,2
DA:7,2
DA:10,2
DA:12,0
DA:13,0
DA:16,0
DA:25,0
DA:32,0
DA:33,0
DA:36,0
DA:41,0
DA:46,0
DA:50,0
DA:55,0
DA:65,0
DA:76,2
LF:20
LH:8
BRF:0
BRH:0
end_of_record
TN:
SF:src\components\burger-ingredient\index.ts
FN:1,(anonymous_0)
FNF:1
FNH:0
FNDA:0,(anonymous_0)
DA:1,2
LF:1
LH:1
BRF:0
BRH:0
end_of_record
TN:
SF:src\components\burger-ingredients\burger-ingredients.tsx
FN:14,(anonymous_0)
FN:19,(anonymous_1)
FN:22,(anonymous_2)
FN:25,(anonymous_3)
FN:47,(anonymous_4)
FN:54,(anonymous_5)
FN:87,(anonymous_6)
FN:92,(anonymous_7)
FNF:8
FNH:0
FNDA:0,(anonymous_0)
FNDA:0,(anonymous_1)
FNDA:0,(anonymous_2)
FNDA:0,(anonymous_3)
FNDA:0,(anonymous_4)
FNDA:0,(anonymous_5)
FNDA:0,(anonymous_6)
FNDA:0,(anonymous_7)
DA:1,2
DA:2,2
DA:4,2
DA:5,2
DA:6,2
DA:10,2
DA:12,2
DA:14,2
DA:15,0
DA:16,0
DA:18,0
DA:19,0
DA:21,0
DA:22,0
DA:24,0
DA:25,0
DA:28,0
DA:30,0
DA:31,0
DA:33,0
DA:34,0
DA:35,0
DA:37,0
DA:38,0
DA:42,0
DA:47,0
DA:48,0
DA:49,0
DA:50,0
DA:53,0
DA:57,0
DA:59,0
DA:60,0
DA:62,0
DA:63,0
DA:65,0
DA:66,0
DA:68,0
DA:71,0
DA:74,0
DA:80,0
DA:81,0
DA:87,0
DA:88,0
DA:89,0
DA:92,0
DA:93,0
DA:94,0
DA:97,0
DA:98,0
DA:99,0
DA:101,0
LF:52
LH:8
BRDA:18,0,0,0
BRDA:18,0,1,0
BRDA:19,1,0,0
BRDA:19,1,1,0
BRDA:19,2,0,0
BRDA:19,2,1,0
BRDA:21,3,0,0
BRDA:21,3,1,0
BRDA:22,4,0,0
BRDA:22,4,1,0
BRDA:22,5,0,0
BRDA:22,5,1,0
BRDA:24,6,0,0
BRDA:24,6,1,0
BRDA:25,7,0,0
BRDA:25,7,1,0
BRDA:25,8,0,0
BRDA:25,8,1,0
BRDA:48,9,0,0
BRDA:48,9,1,0
BRDA:49,10,0,0
BRDA:49,10,1,0
BRDA:50,11,0,0
BRDA:57,12,0,0
BRDA:57,12,1,0
BRDA:57,12,2,0
BRDA:57,12,3,0
BRDA:74,13,0,0
BRDA:74,13,1,0
BRDA:76,14,0,0
BRDA:76,14,1,0
BRDA:80,15,0,0
BRDA:97,16,0,0
BRDA:98,17,0,0
BRDA:98,18,0,0
BRDA:98,18,1,0
BRDA:122,19,0,0
BRDA:122,19,1,0
BRDA:122,19,2,0
BRF:39
BRH:0
end_of_record
TN:
SF:src\components\burger-ingredients\index.ts
FN:1,(anonymous_0)
FNF:1
FNH:0
FNDA:0,(anonymous_0)
DA:1,2
LF:1
LH:1
BRF:0
BRH:0
end_of_record
TN:
SF:src\components\feed-info\feed-info.tsx
FN:13,(anonymous_0)
FN:18,(anonymous_1)
FN:19,(anonymous_2)
FN:30,(anonymous_3)
FN:33,(anonymous_4)
FN:34,(anonymous_5)
FNF:6
FNH:0
FNDA:0,(anonymous_0)
FNDA:0,(anonymous_1)
FNDA:0,(anonymous_2)
FNDA:0,(anonymous_3)
FNDA:0,(anonymous_4)
FNDA:0,(anonymous_5)
DA:1,2
DA:2,2
DA:7,2
DA:9,2
DA:13,2
DA:14,0
DA:15,0
DA:16,0
DA:18,0
DA:19,0
DA:21,0
DA:30,2
DA:31,0
DA:32,0
DA:33,0
DA:34,0
LF:16
LH:6
BRDA:31,0,0,0
BRDA:31,1,0,0
BRDA:31,1,1,0
BRF:3
BRH:0
end_of_record
TN:
SF:src\components\feed-info\index.ts
FN:1,(anonymous_0)
FNF:1
FNH:0
FNDA:0,(anonymous_0)
DA:1,2
LF:1
LH:1
BRF:0
BRH:0
end_of_record
TN:
SF:src\components\ingredient-details\index.ts
FN:1,(anonymous_0)
FNF:1
FNH:0
FNDA:0,(anonymous_0)
DA:1,2
LF:1
LH:1
BRF:0
BRH:0
end_of_record
TN:
SF:src\components\ingredient-details\ingredient-details.tsx
FN:17,(anonymous_0)
FN:27,(anonymous_1)
FNF:2
FNH:0
FNDA:0,(anonymous_0)
FNDA:0,(anonymous_1)
DA:2,2
DA:4,2
DA:5,2
DA:10,2
DA:11,2
DA:17,2
DA:20,0
DA:21,0
DA:23,0
DA:24,0
DA:25,0
DA:27,0
DA:30,0
DA:31,0
DA:32,0
DA:33,0
DA:34,0
DA:36,0
DA:37,0
DA:40,0
DA:41,0
DA:44,0
DA:45,0
DA:48,0
DA:49,0
DA:53,0
DA:54,0
DA:58,0
LF:28
LH:6
BRDA:18,0,0,0
BRDA:36,1,0,0
BRDA:40,2,0,0
BRDA:44,3,0,0
BRDA:48,4,0,0
BRDA:53,5,0,0
BRF:6
BRH:0
end_of_record
TN:
SF:src\components\ingredients-category\index.ts
FN:1,(anonymous_0)
FNF:1
FNH:0
FNDA:0,(anonymous_0)
DA:1,2
LF:1
LH:1
BRF:0
BRH:0
end_of_record
TN:
SF:src\components\ingredients-category\ingredients-category.tsx
FN:12,(anonymous_0)
FN:16,(anonymous_1)
FN:21,(anonymous_2)
FNF:3
FNH:0
FNDA:0,(anonymous_0)
FNDA:0,(anonymous_1)
FNDA:0,(anonymous_2)
DA:1,2
DA:3,2
DA:6,2
DA:7,2
DA:9,2
DA:14,0
DA:16,0
DA:17,0
DA:18,0
DA:21,0
DA:22,0
DA:23,0
DA:27,0
DA:28,0
DA:31,0
DA:34,0
DA:45,2
LF:17
LH:6
BRDA:22,0,0,0
BRDA:27,1,0,0
BRDA:27,2,0,0
BRDA:27,2,1,0
BRDA:27,3,0,0
BRDA:27,3,1,0
BRF:6
BRH:0
end_of_record
TN:
SF:src\components\modal\index.ts
FN:1,(anonymous_0)
FNF:1
FNH:0
FNDA:0,(anonymous_0)
DA:1,2
LF:1
LH:1
BRF:0
BRH:0
end_of_record
TN:
SF:src\components\modal\modal.tsx
FN:9,(anonymous_1)
FN:20,(anonymous_2)
FN:22,(anonymous_3)
FN:27,(anonymous_4)
FN:28,(anonymous_5)
FN:34,(anonymous_6)
FN:50,(anonymous_7)
FNF:7
FNH:0
FNDA:0,(anonymous_1)
FNDA:0,(anonymous_2)
FNDA:0,(anonymous_3)
FNDA:0,(anonymous_4)
FNDA:0,(anonymous_5)
FNDA:0,(anonymous_6)
FNDA:0,(anonymous_7)
DA:1,2
DA:2,2
DA:4,2
DA:6,2
DA:8,2
DA:10,0
DA:11,0
DA:12,0
DA:15,0
DA:16,0
DA:20,0
DA:21,0
DA:22,0
DA:23,0
DA:27,0
DA:28,0
DA:29,0
DA:30,0
DA:34,0
DA:35,0
DA:36,0
DA:38,0
DA:39,0
DA:40,0
DA:45,0
DA:46,0
DA:47,0
DA:50,0
DA:52,0
DA:53,0
DA:57,0
LF:31
LH:5
BRDA:10,0,0,0
BRDA:15,1,0,0
BRDA:29,2,0,0
BRDA:36,3,0,0
BRDA:39,4,0,0
BRDA:39,5,0,0
BRDA:39,5,1,0
BRDA:45,6,0,0
BRF:8
BRH:0
end_of_record
TN:
SF:src\components\order-card\index.ts
FN:1,(anonymous_0)
FNF:1
FNH:0
FNDA:0,(anonymous_0)
DA:1,2
LF:1
LH:1
BRF:0
BRH:0
end_of_record
TN:
SF:src\components\order-card\order-card.tsx
FN:12,(anonymous_0)
FN:16,(anonymous_1)
FN:19,(anonymous_2)
FN:23,(anonymous_3)
FN:24,(anonymous_4)
FN:31,(anonymous_5)
FNF:6
FNH:0
FNDA:0,(anonymous_0)
FNDA:0,(anonymous_1)
FNDA:0,(anonymous_2)
FNDA:0,(anonymous_3)
FNDA:0,(anonymous_4)
FNDA:0,(anonymous_5)
DA:1,2
DA:2,2
DA:6,2
DA:7,2
DA:9,2
DA:11,2
DA:13,0
DA:15,0
DA:16,0
DA:19,0
DA:20,0
DA:22,0
DA:24,0
DA:25,0
DA:26,0
DA:31,0
DA:32,0
DA:34,0
DA:37,0
DA:39,0
DA:49,0
DA:51,0
LF:22
LH:6
BRDA:20,0,0,0
BRDA:25,1,0,0
BRDA:34,2,0,0
BRDA:34,2,1,0
BRDA:49,3,0,0
BRF:5
BRH:0
end_of_record
TN:
SF:src\components\order-info\index.ts
FN:1,(anonymous_0)
FNF:1
FNH:0
FNDA:0,(anonymous_0)
DA:1,2
LF:1
LH:1
BRF:0
BRH:0
end_of_record
TN:
SF:src\components\order-info\order-info.tsx
FN:13,(anonymous_0)
FN:19,(anonymous_1)
FN:44,(anonymous_2)
FN:59,(anonymous_3)
FNF:4
FNH:0
FNDA:0,(anonymous_0)
FNDA:0,(anonymous_1)
FNDA:0,(anonymous_2)
FNDA:0,(anonymous_3)
DA:1,2
DA:2,2
DA:3,2
DA:5,2
DA:6,2
DA:13,2
DA:14,0
DA:15,0
DA:16,0
DA:17,0
DA:19,0
DA:20,0
DA:21,0
DA:22,0
DA:27,0
DA:34,0
DA:35,0
DA:38,0
DA:39,0
DA:44,0
DA:53,0
DA:54,0
DA:59,0
DA:68,0
LF:24
LH:6
BRDA:20,0,0,0
BRDA:20,1,0,0
BRDA:20,1,1,0
BRDA:34,2,0,0
BRDA:38,3,0,0
BRDA:53,4,0,0
BRF:6
BRH:0
end_of_record
TN:
SF:src\components\order-status\index.ts
FN:1,(anonymous_0)
FNF:1
FNH:0
FNDA:0,(anonymous_0)
DA:1,2
LF:1
LH:1
BRF:0
BRH:0
end_of_record
TN:
SF:src\components\order-status\order-status.tsx
FN:11,(anonymous_1)
FNF:1
FNH:0
FNDA:0,(anonymous_1)
DA:1,2
DA:3,2
DA:5,2
DA:11,2
DA:12,0
DA:13,0
DA:15,0
DA:16,0
DA:18,0
DA:19,0
DA:21,0
DA:24,0
LF:12
LH:4
BRDA:13,0,0,0
BRDA:13,0,1,0
BRDA:13,0,2,0
BRF:3
BRH:0
end_of_record
TN:
SF:src\components\orders-list\index.ts
FN:1,(anonymous_0)
FNF:1
FNH:0
FNDA:0,(anonymous_0)
DA:1,2
LF:1
LH:1
BRF:0
BRH:0
end_of_record
TN:
SF:src\components\orders-list\orders-list.tsx
FN:8,(anonymous_0)
FN:10,(anonymous_1)
FNF:2
FNH:0
FNDA:0,(anonymous_0)
FNDA:0,(anonymous_1)
DA:1,2
DA:4,2
DA:7,2
DA:9,0
DA:11,0
DA:14,0
LF:6
LH:3
BRF:0
BRH:0
end_of_record
TN:
SF:src\components\profile-menu\index.ts
FN:1,(anonymous_0)
FNF:1
FNH:0
FNDA:0,(anonymous_0)
DA:1,2
LF:1
LH:1
BRF:0
BRH:0
end_of_record
TN:
SF:src\components\profile-menu\profile-menu.tsx
FN:8,(anonymous_0)
FN:13,(anonymous_1)
FNF:2
FNH:0
FNDA:0,(anonymous_0)
FNDA:0,(anonymous_1)
DA:2,2
DA:3,2
DA:5,2
DA:6,2
DA:8,2
DA:9,0
DA:10,0
DA:11,0
DA:13,0
DA:14,0
DA:15,0
DA:18,0
LF:12
LH:5
BRF:0
BRH:0
end_of_record
TN:
SF:src\components\ui\index.ts
FNF:0
FNH:0
DA:1,2
DA:2,2
DA:3,2
DA:4,2
DA:5,2
DA:6,2
DA:7,2
DA:8,2
DA:9,2
DA:10,2
DA:11,2
DA:12,2
DA:13,2
DA:14,2
DA:15,2
DA:16,2
DA:17,2
LF:17
LH:17
BRF:0
BRH:0
end_of_record
TN:
SF:src\components\ui\app-header\app-header.tsx
FN:12,(anonymous_1)
FN:18,(anonymous_2)
FN:29,(anonymous_3)
FN:43,(anonymous_4)
FNF:4
FNH:0
FNDA:0,(anonymous_1)
FNDA:0,(anonymous_2)
FNDA:0,(anonymous_3)
FNDA:0,(anonymous_4)
DA:1,2
DA:2,2
DA:3,2
DA:5,2
DA:12,2
DA:13,0
DA:19,0
DA:30,0
DA:44,0
LF:9
LH:5
BRDA:19,0,0,0
BRDA:19,0,1,0
BRDA:30,1,0,0
BRDA:30,1,1,0
BRDA:44,2,0,0
BRDA:44,2,1,0
BRDA:49,3,0,0
BRDA:49,3,1,0
BRF:8
BRH:0
end_of_record
TN:
SF:src\components\ui\app-header\index.ts
FN:1,(anonymous_0)
FNF:1
FNH:0
FNDA:0,(anonymous_0)
DA:1,2
LF:1
LH:1
BRF:0
BRH:0
end_of_record
TN:
SF:src\components\ui\burger-constructor\burger-constructor.tsx
FN:13,(anonymous_1)
FN:61,(anonymous_2)
FN:63,(anonymous_3)
FNF:3
FNH:1
FNDA:30,(anonymous_1)
FNDA:0,(anonymous_2)
FNDA:0,(anonymous_3)
DA:1,2
DA:2,2
DA:7,2
DA:10,2
DA:11,2
DA:13,2
DA:23,30
DA:31,30
DA:61,0
DA:67,0
LF:10
LH:8
BRDA:36,0,0,0
BRDA:36,0,1,30
BRDA:59,1,0,0
BRDA:59,1,1,30
BRDA:87,2,0,0
BRDA:87,2,1,30
BRDA:128,3,0,30
BRDA:128,3,1,0
BRDA:141,4,0,30
BRDA:141,4,1,0
BRDA:141,4,2,0
BRDA:141,5,0,0
BRDA:141,5,1,0
BRDA:141,6,0,0
BRDA:141,6,1,0
BRF:15
BRH:5
end_of_record
TN:
SF:src\components\ui\burger-constructor\index.ts
FN:1,(anonymous_0)
FNF:1
FNH:1
FNDA:30,(anonymous_0)
DA:1,32
LF:1
LH:1
BRF:0
BRH:0
end_of_record
TN:
SF:src\components\ui\burger-constructor-element\burger-constructor-element.tsx
FN:9,(anonymous_7)
FNF:1
FNH:0
FNDA:0,(anonymous_7)
DA:1,2
DA:2,2
DA:3,2
DA:5,2
DA:7,2
DA:17,0
LF:6
LH:5
BRF:0
BRH:0
end_of_record
TN:
SF:src\components\ui\burger-constructor-element\index.ts
FN:1,(anonymous_0)
FNF:1
FNH:0
FNDA:0,(anonymous_0)
DA:1,2
LF:1
LH:1
BRF:0
BRH:0
end_of_record
TN:
SF:src\components\ui\burger-ingredient\burger-ingredient.tsx
FN:69,(anonymous_7)
FN:77,(anonymous_8)
FNF:2
FNH:1
FNDA:8,(anonymous_7)
FNDA:0,(anonymous_8)
DA:56,3
DA:57,3
DA:58,3
DA:60,3
DA:68,3
DA:70,8
DA:72,8
DA:78,0
LF:8
LH:7
BRDA:89,0,0,8
BRDA:89,0,1,2
BRF:2
BRH:2
end_of_record
TN:
SF:src\components\ui\burger-ingredient\index.ts
FN:1,(anonymous_0)
FNF:1
FNH:0
FNDA:0,(anonymous_0)
DA:1,2
LF:1
LH:1
BRF:0
BRH:0
end_of_record
TN:
SF:src\components\ui\burger-ingredients\burger-ingredients.tsx
FN:9,(anonymous_7)
FNF:1
FNH:0
FNDA:0,(anonymous_7)
DA:1,2
DA:2,2
DA:4,2
DA:6,2
DA:8,2
DA:22,0
LF:6
LH:5
BRF:0
BRH:0
end_of_record
TN:
SF:src\components\ui\burger-ingredients\index.ts
FN:1,(anonymous_0)
FNF:1
FNH:0
FNDA:0,(anonymous_0)
DA:1,2
LF:1
LH:1
BRF:0
BRH:0
end_of_record
TN:
SF:src\components\ui\feed-info\feed-info.tsx
FN:8,(anonymous_7)
FN:28,(anonymous_8)
FN:46,(anonymous_9)
FN:60,(anonymous_10)
FNF:4
FNH:0
FNDA:0,(anonymous_7)
FNDA:0,(anonymous_8)
FNDA:0,(anonymous_9)
FNDA:0,(anonymous_10)
DA:1,2
DA:2,2
DA:7,2
DA:9,0
DA:11,0
DA:28,2
DA:29,0
DA:30,0
DA:42,0
DA:47,0
DA:60,2
DA:61,0
LF:12
LH:5
BRDA:29,0,0,0
BRDA:29,1,0,0
BRDA:29,1,1,0
BRDA:49,2,0,0
BRDA:49,2,1,0
BRF:5
BRH:0
end_of_record
TN:
SF:src\components\ui\feed-info\index.ts
FN:1,(anonymous_0)
FNF:1
FNH:0
FNDA:0,(anonymous_0)
DA:1,2
LF:1
LH:1
BRF:0
BRH:0
end_of_record
TN:
SF:src\components\ui\ingredient-details\index.ts
FN:1,(anonymous_0)
FNF:1
FNH:0
FNDA:0,(anonymous_0)
DA:1,2
LF:1
LH:1
BRF:0
BRH:0
end_of_record
TN:
SF:src\components\ui\ingredient-details\ingredient-details.tsx
FN:6,(anonymous_7)
FNF:1
FNH:0
FNDA:0,(anonymous_7)
DA:1,2
DA:2,2
DA:5,2
DA:8,0
DA:10,0
LF:5
LH:3
BRF:0
BRH:0
end_of_record
TN:
SF:src\components\ui\ingredients-category\index.ts
FN:1,(anonymous_0)
FNF:1
FNH:0
FNDA:0,(anonymous_0)
DA:1,2
LF:1
LH:1
BRF:0
BRH:0
end_of_record
TN:
SF:src\components\ui\ingredients-category\ingredients-category.tsx
FN:9,(anonymous_1)
FN:15,(anonymous_2)
FNF:2
FNH:0
FNDA:0,(anonymous_1)
FNDA:0,(anonymous_2)
DA:1,2
DA:2,2
DA:4,2
DA:6,2
DA:10,0
DA:16,0
LF:6
LH:4
BRF:0
BRH:0
end_of_record
TN:
SF:src\components\ui\modal\index.ts
FN:1,(anonymous_0)
FNF:1
FNH:0
FNDA:0,(anonymous_0)
DA:1,2
LF:1
LH:1
BRF:0
BRH:0
end_of_record
TN:
SF:src\components\ui\modal\modal.tsx
FN:8,(anonymous_1)
FN:17,(anonymous_2)
FNF:2
FNH:2
FNDA:5,(anonymous_1)
FNDA:1,(anonymous_2)
DA:1,2
DA:2,2
DA:3,2
DA:5,2
DA:7,2
DA:9,5
DA:17,1
LF:7
LH:7
BRF:0
BRH:0
end_of_record
TN:
SF:src\components\ui\modal-overlay\index.ts
FN:1,(anonymous_0)
FNF:1
FNH:1
FNDA:5,(anonymous_0)
DA:1,7
LF:1
LH:1
BRF:0
BRH:0
end_of_record
TN:
SF:src\components\ui\modal-overlay\modal-overlay.tsx
FN:3,(anonymous_1)
FNF:1
FNH:1
FNDA:5,(anonymous_1)
DA:1,2
DA:3,2
DA:4,5
LF:3
LH:3
BRF:0
BRH:0
end_of_record
TN:
SF:src\components\ui\order-card\index.ts
FN:1,(anonymous_0)
FNF:1
FNH:0
FNDA:0,(anonymous_0)
DA:1,2
LF:1
LH:1
BRF:0
BRH:0
end_of_record
TN:
SF:src\components\ui\order-card\order-card.tsx
FN:12,(anonymous_7)
FN:15,(anonymous_8)
FN:38,(anonymous_9)
FNF:3
FNH:0
FNDA:0,(anonymous_7)
FNDA:0,(anonymous_8)
FNDA:0,(anonymous_9)
DA:1,2
DA:2,2
DA:7,2
DA:9,2
DA:11,2
DA:13,0
DA:15,0
DA:18,0
DA:39,0
DA:40,0
DA:42,0
LF:11
LH:5
BRDA:22,0,0,0
BRDA:22,0,1,0
BRDA:35,1,0,0
BRDA:35,1,1,0
BRDA:51,2,0,0
BRDA:51,2,1,0
BRDA:51,3,0,0
BRDA:51,3,1,0
BRDA:59,4,0,0
BRDA:59,4,1,0
BRDA:59,4,2,0
BRF:11
BRH:0
end_of_record
TN:
SF:src\components\ui\order-details\index.ts
FN:1,(anonymous_0)
FNF:1
FNH:0
FNDA:0,(anonymous_0)
DA:1,2
LF:1
LH:1
BRF:0
BRH:0
end_of_record
TN:
SF:src\components\ui\order-details\order-details.tsx
FN:6,(anonymous_1)
FNF:1
FNH:0
FNDA:0,(anonymous_1)
DA:1,2
DA:2,2
DA:3,2
DA:6,2
DA:9,0
LF:5
LH:4
BRF:0
BRH:0
end_of_record
TN:
SF:src\components\ui\order-info\index.ts
FN:1,(anonymous_0)
FN:3,(anonymous_1)
FNF:2
FNH:0
FNDA:0,(anonymous_0)
FNDA:0,(anonymous_1)
DA:1,2
DA:3,2
LF:2
LH:2
BRF:0
BRH:0
end_of_record
TN:
SF:src\components\ui\order-info\order-info.tsx
FN:12,(anonymous_7)
FN:35,(anonymous_8)
FN:68,(anonymous_9)
FNF:3
FNH:0
FNDA:0,(anonymous_7)
FNDA:0,(anonymous_8)
FNDA:0,(anonymous_9)
DA:1,2
DA:2,2
DA:8,2
DA:9,2
DA:11,2
DA:21,0
DA:23,0
DA:25,0
DA:36,0
DA:69,0
LF:10
LH:5
BRDA:23,0,0,0
BRDA:23,0,1,0
BRDA:44,1,0,0
BRDA:44,1,1,0
BRDA:62,2,0,0
BRDA:62,2,1,0
BRF:6
BRH:0
end_of_record
TN:
SF:src\components\ui\order-status\index.ts
FN:1,(anonymous_0)
FNF:1
FNH:0
FNDA:0,(anonymous_0)
DA:1,2
LF:1
LH:1
BRF:0
BRH:0
end_of_record
TN:
SF:src\components\ui\order-status\order-status.tsx
FN:4,(anonymous_1)
FNF:1
FNH:0
FNDA:0,(anonymous_1)
DA:1,2
DA:4,2
DA:5,0
LF:3
LH:2
BRF:0
BRH:0
end_of_record
TN:
SF:src\components\ui\orders-list\index.ts
FN:1,(anonymous_0)
FNF:1
FNH:0
FNDA:0,(anonymous_0)
DA:1,2
LF:1
LH:1
BRF:0
BRH:0
end_of_record
TN:
SF:src\components\ui\orders-list\orders-list.tsx
FN:8,(anonymous_1)
FN:14,(anonymous_2)
FN:21,(anonymous_3)
FN:25,(anonymous_4)
FNF:4
FNH:0
FNDA:0,(anonymous_1)
FNDA:0,(anonymous_2)
FNDA:0,(anonymous_3)
FNDA:0,(anonymous_4)
DA:3,2
DA:6,2
DA:8,2
DA:12,0
DA:14,0
DA:19,0
DA:22,0
DA:25,0
LF:8
LH:3
BRDA:25,0,0,0
BRDA:25,0,1,0
BRDA:25,1,0,0
BRDA:25,1,1,0
BRF:4
BRH:0
end_of_record
TN:
SF:src\components\ui\preloader\index.ts
FN:1,(anonymous_0)
FNF:1
FNH:0
FNDA:0,(anonymous_0)
DA:1,2
LF:1
LH:1
BRF:0
BRH:0
end_of_record
TN:
SF:src\components\ui\preloader\preloader.tsx
FN:4,(anonymous_1)
FNF:1
FNH:0
FNDA:0,(anonymous_1)
DA:1,2
DA:2,2
DA:4,2
DA:5,0
LF:4
LH:3
BRF:0
BRH:0
end_of_record
TN:
SF:src\components\ui\profile-menu\index.ts
FN:1,(anonymous_0)
FNF:1
FNH:0
FNDA:0,(anonymous_0)
DA:1,2
LF:1
LH:1
BRF:0
BRH:0
end_of_record
TN:
SF:src\components\ui\profile-menu\profile-menu.tsx
FN:6,(anonymous_1)
FN:13,(anonymous_2)
FN:24,(anonymous_3)
FNF:3
FNH:0
FNDA:0,(anonymous_1)
FNDA:0,(anonymous_2)
FNDA:0,(anonymous_3)
DA:1,2
DA:2,2
DA:3,2
DA:6,2
DA:10,0
DA:14,0
DA:25,0
LF:7
LH:4
BRDA:16,0,0,0
BRDA:16,0,1,0
BRDA:27,1,0,0
BRDA:27,1,1,0
BRDA:39,2,0,0
BRDA:39,2,1,0
BRF:6
BRH:0
end_of_record
TN:
SF:src\services\root-reducer.ts
FNF:0
FNH:0
DA:2,4
DA:3,4
DA:4,4
DA:5,4
DA:7,4
DA:8,4
DA:10,4
DA:20,4
LF:8
LH:8
BRF:0
BRH:0
end_of_record
TN:
SF:src\services\store.ts
FN:9,(anonymous_1)
FN:22,(anonymous_2)
FNF:2
FNH:2
FNDA:3,(anonymous_1)
FNDA:30,(anonymous_2)
DA:2,3
DA:3,3
DA:4,3
DA:5,3
DA:7,3
DA:10,3
DA:18,3
DA:22,30
DA:23,3
LF:9
LH:9
BRF:0
BRH:0
end_of_record
TN:
SF:src\services\slices\auth-slice.ts
FN:13,(anonymous_13)
FN:36,(anonymous_14)
FN:36,(anonymous_15)
FN:51,(anonymous_16)
FN:51,(anonymous_17)
FN:64,(anonymous_18)
FN:64,(anonymous_19)
FN:82,(anonymous_20)
FN:82,(anonymous_21)
FN:114,(anonymous_22)
FN:119,(anonymous_23)
FN:123,(anonymous_24)
FN:126,(anonymous_25)
FN:129,(anonymous_26)
FN:135,(anonymous_27)
FN:141,(anonymous_28)
FN:144,(anonymous_29)
FN:150,(anonymous_30)
FN:156,(anonymous_31)
FN:159,(anonymous_32)
FN:165,(anonymous_33)
FN:173,(anonymous_34)
FN:176,(anonymous_35)
FN:182,(anonymous_36)
FN:194,(anonymous_37)
FN:197,(anonymous_38)
FN:200,(anonymous_39)
FN:202,(anonymous_40)
FN:205,(anonymous_41)
FNF:29
FNH:11
FNDA:0,(anonymous_13)
FNDA:0,(anonymous_14)
FNDA:0,(anonymous_15)
FNDA:0,(anonymous_16)
FNDA:0,(anonymous_17)
FNDA:0,(anonymous_18)
FNDA:0,(anonymous_19)
FNDA:0,(anonymous_20)
FNDA:0,(anonymous_21)
FNDA:1,(anonymous_22)
FNDA:2,(anonymous_23)
FNDA:5,(anonymous_24)
FNDA:1,(anonymous_25)
FNDA:1,(anonymous_26)
FNDA:1,(anonymous_27)
FNDA:0,(anonymous_28)
FNDA:0,(anonymous_29)
FNDA:0,(anonymous_30)
FNDA:0,(anonymous_31)
FNDA:0,(anonymous_32)
FNDA:0,(anonymous_33)
FNDA:1,(anonymous_34)
FNDA:1,(anonymous_35)
FNDA:1,(anonymous_36)
FNDA:28,(anonymous_37)
FNDA:28,(anonymous_38)
FNDA:0,(anonymous_39)
FNDA:0,(anonymous_40)
FNDA:0,(anonymous_41)
DA:1,5
DA:10,5
DA:11,5
DA:13,5
DA:14,0
DA:24,5
DA:32,5
DA:36,0
DA:37,0
DA:38,0
DA:39,0
DA:40,0
DA:41,0
DA:43,0
DA:47,5
DA:51,0
DA:52,0
DA:53,0
DA:54,0
DA:55,0
DA:56,0
DA:58,0
DA:62,5
DA:64,0
DA:65,0
DA:66,0
DA:67,0
DA:68,0
DA:69,0
DA:72,0
DA:73,0
DA:78,5
DA:82,0
DA:83,0
DA:84,0
DA:86,0
DA:89,0
DA:90,0
DA:91,0
DA:93,0
DA:94,0
DA:95,0
DA:96,0
DA:97,0
DA:98,0
DA:99,0
DA:102,0
DA:105,0
DA:110,5
DA:115,1
DA:116,1
DA:117,1
DA:120,2
DA:124,5
DA:127,1
DA:130,1
DA:131,1
DA:132,1
DA:133,1
DA:136,1
DA:137,1
DA:142,0
DA:145,0
DA:146,0
DA:147,0
DA:148,0
DA:151,0
DA:152,0
DA:157,0
DA:160,0
DA:161,0
DA:162,0
DA:163,0
DA:166,0
DA:167,0
DA:168,0
DA:169,0
DA:174,1
DA:177,1
DA:178,1
DA:179,1
DA:180,1
DA:183,1
DA:184,1
DA:185,1
DA:190,5
DA:191,5
DA:194,5
DA:195,28
DA:197,5
DA:198,28
DA:200,5
DA:202,5
DA:203,0
DA:205,5
DA:207,0
DA:208,0
DA:210,0
LF:98
LH:39
BRDA:84,0,0,0
BRDA:93,1,0,0
BRDA:93,2,0,0
BRDA:93,2,1,0
BRDA:136,3,0,1
BRDA:136,3,1,0
BRDA:136,4,0,1
BRDA:136,4,1,1
BRDA:151,5,0,0
BRDA:151,5,1,0
BRDA:151,6,0,0
BRDA:151,6,1,0
BRDA:168,7,0,0
BRDA:168,7,1,0
BRDA:168,8,0,0
BRDA:168,8,1,0
BRDA:183,9,0,1
BRDA:183,9,1,0
BRDA:183,10,0,1
BRDA:183,10,1,1
BRDA:207,11,0,0
BRDA:207,12,0,0
BRDA:207,12,1,0
BRDA:210,13,0,0
BRDA:210,13,1,0
BRDA:210,14,0,0
BRDA:210,14,1,0
BRDA:210,15,0,0
BRDA:210,15,1,0
BRDA:210,16,0,0
BRDA:210,16,1,0
BRF:31
BRH:6
end_of_record
TN:
SF:src\services\slices\constructor-slice.ts
FN:22,(anonymous_0)
FN:43,(anonymous_1)
FN:48,(anonymous_2)
FN:60,(anonymous_3)
FN:65,(anonymous_4)
FN:71,(anonymous_5)
FN:101,(anonymous_6)
FN:104,(anonymous_7)
FN:109,(anonymous_8)
FN:114,(anonymous_9)
FNF:10
FNH:9
FNDA:7,(anonymous_0)
FNDA:2,(anonymous_1)
FNDA:1,(anonymous_2)
FNDA:0,(anonymous_3)
FNDA:1,(anonymous_4)
FNDA:2,(anonymous_5)
FNDA:33,(anonymous_6)
FNDA:33,(anonymous_7)
FNDA:3,(anonymous_8)
FNDA:1,(anonymous_9)
DA:1,5
DA:2,5
DA:12,5
DA:17,5
DA:23,7
DA:24,7
DA:25,2
DA:27,5
DA:32,5
DA:38,5
DA:44,2
DA:45,2
DA:47,2
DA:48,1
DA:51,2
DA:52,1
DA:53,1
DA:54,1
DA:55,1
DA:57,1
DA:58,1
DA:60,0
DA:66,1
DA:67,1
DA:75,2
DA:78,2
DA:84,1
DA:88,1
DA:89,1
DA:90,1
DA:91,1
DA:97,5
DA:101,5
DA:102,33
DA:104,5
DA:105,33
DA:107,5
DA:109,3
DA:114,1
DA:119,5
DA:125,5
DA:126,5
LF:42
LH:41
BRDA:24,0,0,2
BRDA:24,0,1,5
BRDA:29,1,0,5
BRDA:29,1,1,0
BRDA:30,2,0,5
BRDA:30,2,1,0
BRDA:51,3,0,1
BRDA:51,3,1,1
BRDA:78,4,0,1
BRDA:79,5,0,2
BRDA:79,5,1,1
BRDA:79,5,2,1
BRDA:79,5,3,1
BRDA:102,6,0,33
BRDA:102,6,1,29
BRDA:102,7,0,0
BRDA:102,7,1,33
BRDA:102,8,0,33
BRDA:102,8,1,33
BRDA:105,9,0,33
BRDA:105,9,1,0
BRDA:105,10,0,0
BRDA:105,10,1,33
BRDA:105,11,0,33
BRDA:105,11,1,33
BRDA:113,12,0,2
BRDA:113,12,1,1
BRDA:113,13,0,3
BRDA:113,13,1,3
BRDA:113,14,0,1
BRDA:113,14,1,2
BRDA:113,15,0,3
BRDA:113,15,1,2
BRDA:114,16,0,1
BRDA:114,16,1,0
BRDA:114,17,0,1
BRDA:114,17,1,1
BRF:37
BRH:31
end_of_record
TN:
SF:src\services\slices\feed-slice.ts
FN:26,(anonymous_7)
FN:26,(anonymous_8)
FN:39,(anonymous_9)
FN:42,(anonymous_10)
FN:45,(anonymous_11)
FN:48,(anonymous_12)
FN:52,(anonymous_13)
FN:54,(anonymous_14)
FN:58,(anonymous_15)
FN:64,(anonymous_16)
FN:77,(anonymous_17)
FN:80,(anonymous_18)
FN:83,(anonymous_19)
FN:86,(anonymous_20)
FN:89,(anonymous_21)
FNF:15
FNH:6
FNDA:0,(anonymous_7)
FNDA:0,(anonymous_8)
FNDA:1,(anonymous_9)
FNDA:0,(anonymous_10)
FNDA:0,(anonymous_11)
FNDA:0,(anonymous_12)
FNDA:5,(anonymous_13)
FNDA:1,(anonymous_14)
FNDA:1,(anonymous_15)
FNDA:0,(anonymous_16)
FNDA:2,(anonymous_17)
FNDA:0,(anonymous_18)
FNDA:0,(anonymous_19)
FNDA:1,(anonymous_20)
FNDA:0,(anonymous_21)
DA:1,5
DA:3,5
DA:14,5
DA:22,5
DA:26,0
DA:27,0
DA:28,0
DA:29,0
DA:31,0
DA:35,5
DA:40,1
DA:43,0
DA:46,0
DA:49,0
DA:53,5
DA:55,1
DA:56,1
DA:59,1
DA:60,1
DA:61,1
DA:62,1
DA:65,0
DA:66,0
DA:71,5
DA:73,5
DA:77,5
DA:78,2
DA:80,5
DA:81,0
DA:83,5
DA:84,0
DA:86,5
DA:87,1
DA:89,5
DA:90,0
LF:35
LH:22
BRDA:66,0,0,0
BRDA:66,0,1,0
BRDA:78,1,0,2
BRDA:78,1,1,0
BRDA:78,2,0,2
BRDA:78,2,1,2
BRDA:78,3,0,0
BRDA:78,3,1,2
BRDA:78,4,0,2
BRDA:78,4,1,2
BRDA:81,5,0,0
BRDA:81,5,1,0
BRDA:81,6,0,0
BRDA:81,6,1,0
BRDA:81,7,0,0
BRDA:81,7,1,0
BRDA:81,8,0,0
BRDA:81,8,1,0
BRDA:84,9,0,0
BRDA:84,9,1,0
BRDA:84,10,0,0
BRDA:84,10,1,0
BRDA:84,11,0,0
BRDA:84,11,1,0
BRDA:84,12,0,0
BRDA:84,12,1,0
BRDA:87,13,0,0
BRDA:87,13,1,1
BRDA:87,14,0,1
BRDA:87,14,1,1
BRDA:90,15,0,0
BRDA:90,15,1,0
BRDA:90,16,0,0
BRDA:90,16,1,0
BRDA:90,17,0,0
BRDA:90,17,1,0
BRDA:90,18,0,0
BRDA:90,18,1,0
BRF:38
BRH:9
end_of_record
TN:
SF:src\services\slices\ingredients-slice.ts
FN:24,(anonymous_7)
FN:24,(anonymous_8)
FN:38,(anonymous_9)
FN:40,(anonymous_10)
FN:44,(anonymous_11)
FN:49,(anonymous_12)
FN:57,(anonymous_13)
FN:59,(anonymous_14)
FN:61,(anonymous_15)
FNF:9
FNH:1
FNDA:0,(anonymous_7)
FNDA:0,(anonymous_8)
FNDA:4,(anonymous_9)
FNDA:0,(anonymous_10)
FNDA:0,(anonymous_11)
FNDA:0,(anonymous_12)
FNDA:0,(anonymous_13)
FNDA:0,(anonymous_14)
FNDA:0,(anonymous_15)
DA:1,4
DA:3,4
DA:14,4
DA:20,4
DA:24,0
DA:25,0
DA:26,0
DA:28,0
DA:34,4
DA:39,4
DA:41,0
DA:42,0
DA:45,0
DA:46,0
DA:50,0
DA:51,0
DA:57,4
DA:58,0
DA:59,4
DA:60,0
DA:61,4
DA:62,0
DA:64,4
LF:23
LH:10
BRDA:29,0,0,0
BRDA:29,0,1,0
BRDA:52,1,0,0
BRDA:52,1,1,0
BRF:4
BRH:0
end_of_record
TN:
SF:src\services\slices\order-slice.ts
FN:23,(anonymous_7)
FN:56,(anonymous_8)
FN:56,(anonymous_9)
FN:70,(anonymous_10)
FN:70,(anonymous_11)
FN:83,(anonymous_12)
FN:83,(anonymous_13)
FN:100,(anonymous_14)
FN:100,(anonymous_15)
FN:113,(anonymous_16)
FN:116,(anonymous_17)
FN:119,(anonymous_18)
FN:122,(anonymous_19)
FN:125,(anonymous_20)
FN:126,(anonymous_21)
FN:131,(anonymous_22)
FN:133,(anonymous_23)
FN:136,(anonymous_24)
FN:142,(anonymous_25)
FN:147,(anonymous_26)
FN:155,(anonymous_27)
FN:158,(anonymous_28)
FN:163,(anonymous_29)
FN:168,(anonymous_30)
FN:171,(anonymous_31)
FN:174,(anonymous_32)
FN:179,(anonymous_33)
FN:182,(anonymous_34)
FN:185,(anonymous_35)
FN:205,(anonymous_36)
FN:207,(anonymous_37)
FN:209,(anonymous_38)
FN:211,(anonymous_39)
FN:213,(anonymous_40)
FN:215,(anonymous_41)
FN:217,(anonymous_42)
FN:230,(anonymous_43)
FN:240,(anonymous_44)
FN:241,(anonymous_45)
FN:252,(anonymous_46)
FN:271,(anonymous_47)
FN:281,(anonymous_48)
FN:282,(anonymous_49)
FN:293,(anonymous_50)
FNF:44
FNH:3
FNDA:0,(anonymous_7)
FNDA:0,(anonymous_8)
FNDA:0,(anonymous_9)
FNDA:0,(anonymous_10)
FNDA:0,(anonymous_11)
FNDA:0,(anonymous_12)
FNDA:0,(anonymous_13)
FNDA:0,(anonymous_14)
FNDA:0,(anonymous_15)
FNDA:0,(anonymous_16)
FNDA:0,(anonymous_17)
FNDA:0,(anonymous_18)
FNDA:0,(anonymous_19)
FNDA:0,(anonymous_20)
FNDA:0,(anonymous_21)
FNDA:0,(anonymous_22)
FNDA:4,(anonymous_23)
FNDA:0,(anonymous_24)
FNDA:0,(anonymous_25)
FNDA:0,(anonymous_26)
FNDA:0,(anonymous_27)
FNDA:0,(anonymous_28)
FNDA:0,(anonymous_29)
FNDA:0,(anonymous_30)
FNDA:0,(anonymous_31)
FNDA:0,(anonymous_32)
FNDA:0,(anonymous_33)
FNDA:0,(anonymous_34)
FNDA:0,(anonymous_35)
FNDA:28,(anonymous_36)
FNDA:28,(anonymous_37)
FNDA:0,(anonymous_38)
FNDA:0,(anonymous_39)
FNDA:0,(anonymous_40)
FNDA:0,(anonymous_41)
FNDA:0,(anonymous_42)
FNDA:0,(anonymous_43)
FNDA:0,(anonymous_44)
FNDA:0,(anonymous_45)
FNDA:0,(anonymous_46)
FNDA:0,(anonymous_47)
FNDA:0,(anonymous_48)
FNDA:0,(anonymous_49)
FNDA:0,(anonymous_50)
DA:1,4
DA:7,4
DA:20,4
DA:23,4
DA:41,4
DA:52,4
DA:56,0
DA:57,0
DA:58,0
DA:61,0
DA:62,0
DA:66,4
DA:70,0
DA:71,0
DA:72,0
DA:73,0
DA:75,0
DA:79,4
DA:83,0
DA:84,0
DA:85,0
DA:86,0
DA:92,0
DA:96,4
DA:100,0
DA:101,0
DA:102,0
DA:104,0
DA:109,4
DA:114,0
DA:117,0
DA:120,0
DA:123,0
DA:125,0
DA:127,0
DA:128,0
DA:131,0
DA:134,4
DA:137,0
DA:138,0
DA:139,0
DA:140,0
DA:143,0
DA:144,0
DA:145,0
DA:148,0
DA:149,0
DA:150,0
DA:151,0
DA:156,0
DA:160,0
DA:161,0
DA:164,0
DA:169,0
DA:172,0
DA:175,0
DA:180,0
DA:183,0
DA:186,0
DA:191,4
DA:194,4
DA:205,4
DA:206,28
DA:207,4
DA:208,28
DA:209,4
DA:210,0
DA:211,4
DA:212,0
DA:213,4
DA:214,0
DA:215,4
DA:216,0
DA:217,4
DA:218,0
DA:228,4
DA:231,0
DA:232,0
DA:235,0
DA:237,0
DA:238,0
DA:240,0
DA:241,0
DA:242,0
DA:243,0
DA:247,0
DA:251,0
DA:252,0
DA:256,0
DA:269,4
DA:272,0
DA:273,0
DA:276,0
DA:278,0
DA:279,0
DA:281,0
DA:282,0
DA:283,0
DA:284,0
DA:288,0
DA:292,0
DA:293,0
DA:297,0
LF:103
LH:24
BRDA:25,0,0,0
BRDA:25,0,1,0
BRDA:26,1,0,0
BRDA:26,1,1,0
BRDA:27,2,0,0
BRDA:27,2,1,0
BRDA:28,3,0,0
BRDA:28,3,1,0
BRDA:61,4,0,0
BRDA:61,4,1,0
BRDA:145,5,0,0
BRDA:145,5,1,0
BRDA:145,6,0,0
BRDA:145,6,1,0
BRDA:145,7,0,0
BRDA:145,7,1,0
BRDA:149,8,0,0
BRDA:149,8,1,0
BRDA:149,9,0,0
BRDA:149,9,1,0
BRDA:164,10,0,0
BRDA:164,10,1,0
BRDA:164,11,0,0
BRDA:164,11,1,0
BRDA:175,12,0,0
BRDA:175,12,1,0
BRDA:175,13,0,0
BRDA:175,13,1,0
BRDA:186,14,0,0
BRDA:186,14,1,0
BRDA:186,15,0,0
BRDA:186,15,1,0
BRDA:231,16,0,0
BRDA:231,17,0,0
BRDA:231,17,1,0
BRDA:235,18,0,0
BRDA:235,18,1,0
BRDA:235,19,0,0
BRDA:235,19,1,0
BRDA:242,20,0,0
BRDA:242,20,1,0
BRDA:243,21,0,0
BRDA:243,21,1,0
BRDA:258,22,0,0
BRDA:258,22,1,0
BRDA:258,23,0,0
BRDA:258,23,1,0
BRDA:259,24,0,0
BRDA:259,24,1,0
BRDA:259,25,0,0
BRDA:259,25,1,0
BRDA:272,26,0,0
BRDA:272,27,0,0
BRDA:272,27,1,0
BRDA:276,28,0,0
BRDA:276,28,1,0
BRDA:276,29,0,0
BRDA:276,29,1,0
BRDA:283,30,0,0
BRDA:283,30,1,0
BRDA:284,31,0,0
BRDA:284,31,1,0
BRDA:299,32,0,0
BRDA:299,32,1,0
BRDA:299,33,0,0
BRDA:299,33,1,0
BRDA:300,34,0,0
BRDA:300,34,1,0
BRDA:300,35,0,0
BRDA:300,35,1,0
BRF:70
BRH:0
end_of_record
TN:
SF:src\utils\burger-api.ts
FN:13,(anonymous_7)
FN:14,(anonymous_8)
FN:25,(anonymous_9)
FN:35,(anonymous_10)
FN:36,(anonymous_11)
FN:45,(anonymous_12)
FN:48,(anonymous_13)
FN:80,(anonymous_14)
FN:82,(anonymous_15)
FN:83,(anonymous_16)
FN:88,(anonymous_17)
FN:90,(anonymous_18)
FN:91,(anonymous_19)
FN:96,(anonymous_20)
FN:103,(anonymous_21)
FN:114,(anonymous_22)
FN:124,(anonymous_23)
FN:133,(anonymous_24)
FN:139,(anonymous_25)
FN:153,(anonymous_26)
FN:161,(anonymous_27)
FN:162,(anonymous_28)
FN:172,(anonymous_29)
FN:180,(anonymous_30)
FN:181,(anonymous_31)
FN:186,(anonymous_32)
FN:194,(anonymous_33)
FN:195,(anonymous_34)
FN:200,(anonymous_35)
FN:208,(anonymous_36)
FN:209,(anonymous_37)
FN:216,(anonymous_38)
FN:223,(anonymous_39)
FN:233,(anonymous_40)
FN:242,(anonymous_41)
FNF:35
FNH:0
FNDA:0,(anonymous_7)
FNDA:0,(anonymous_8)
FNDA:0,(anonymous_9)
FNDA:0,(anonymous_10)
FNDA:0,(anonymous_11)
FNDA:0,(anonymous_12)
FNDA:0,(anonymous_13)
FNDA:0,(anonymous_14)
FNDA:0,(anonymous_15)
FNDA:0,(anonymous_16)
FNDA:0,(anonymous_17)
FNDA:0,(anonymous_18)
FNDA:0,(anonymous_19)
FNDA:0,(anonymous_20)
FNDA:0,(anonymous_21)
FNDA:0,(anonymous_22)
FNDA:0,(anonymous_23)
FNDA:0,(anonymous_24)
FNDA:0,(anonymous_25)
FNDA:0,(anonymous_26)
FNDA:0,(anonymous_27)
FNDA:0,(anonymous_28)
FNDA:0,(anonymous_29)
FNDA:0,(anonymous_30)
FNDA:0,(anonymous_31)
FNDA:0,(anonymous_32)
FNDA:0,(anonymous_33)
FNDA:0,(anonymous_34)
FNDA:0,(anonymous_35)
FNDA:0,(anonymous_36)
FNDA:0,(anonymous_37)
FNDA:0,(anonymous_38)
FNDA:0,(anonymous_39)
FNDA:0,(anonymous_40)
FNDA:0,(anonymous_41)
DA:1,4
DA:4,4
DA:7,4
DA:9,4
DA:10,0
DA:13,4
DA:14,0
DA:25,4
DA:26,0
DA:35,0
DA:37,0
DA:38,0
DA:40,0
DA:41,0
DA:42,0
DA:45,4
DA:48,0
DA:49,0
DA:50,0
DA:51,0
DA:53,0
DA:54,0
DA:55,0
DA:56,0
DA:59,0
DA:60,0
DA:62,0
DA:80,4
DA:81,0
DA:82,0
DA:84,0
DA:85,0
DA:88,4
DA:89,0
DA:90,0
DA:92,0
DA:93,0
DA:96,4
DA:97,0
DA:104,0
DA:105,0
DA:114,4
DA:115,0
DA:125,0
DA:126,0
DA:133,4
DA:134,0
DA:139,0
DA:153,4
DA:154,0
DA:161,0
DA:163,0
DA:164,0
DA:172,4
DA:173,0
DA:180,0
DA:182,0
DA:183,0
DA:186,4
DA:187,0
DA:194,0
DA:196,0
DA:197,0
DA:200,4
DA:201,0
DA:208,0
DA:210,0
DA:211,0
DA:216,4
DA:217,0
DA:223,4
DA:224,0
DA:233,4
DA:234,0
DA:242,0
LF:75
LH:19
BRDA:9,0,0,0
BRDA:14,1,0,0
BRDA:14,1,1,0
BRDA:37,2,0,0
BRDA:53,3,0,0
BRDA:53,3,1,0
BRDA:55,4,0,0
BRDA:84,5,0,0
BRDA:84,6,0,0
BRDA:84,6,1,0
BRDA:84,7,0,0
BRDA:84,7,1,0
BRDA:92,8,0,0
BRDA:92,9,0,0
BRDA:92,9,1,0
BRDA:92,10,0,0
BRDA:92,10,1,0
BRDA:104,11,0,0
BRDA:104,12,0,0
BRDA:104,12,1,0
BRDA:104,13,0,0
BRDA:104,13,1,0
BRDA:125,14,0,0
BRDA:125,15,0,0
BRDA:125,15,1,0
BRDA:125,16,0,0
BRDA:125,16,1,0
BRDA:163,17,0,0
BRDA:163,18,0,0
BRDA:163,18,1,0
BRDA:163,19,0,0
BRDA:163,19,1,0
BRDA:182,20,0,0
BRDA:182,21,0,0
BRDA:182,21,1,0
BRDA:182,22,0,0
BRDA:182,22,1,0
BRDA:196,23,0,0
BRDA:196,24,0,0
BRDA:196,24,1,0
BRDA:196,25,0,0
BRDA:196,25,1,0
BRDA:210,26,0,0
BRDA:210,27,0,0
BRDA:210,27,1,0
BRDA:210,28,0,0
BRDA:210,28,1,0
BRF:47
BRH:0
end_of_record
TN:
SF:src\utils\cookie.ts
FN:1,getCookie
FN:13,setCookie
FN:45,deleteCookie
FNF:3
FNH:0
FNDA:0,getCookie
FNDA:0,setCookie
FNDA:0,deleteCookie
DA:1,4
DA:2,0
DA:10,0
DA:13,4
DA:18,0
DA:23,0
DA:24,0
DA:25,0
DA:26,0
DA:27,0
DA:30,0
DA:31,0
DA:33,0
DA:34,0
DA:35,0
DA:36,0
DA:37,0
DA:38,0
DA:39,0
DA:42,0
DA:45,4
DA:46,0
LF:22
LH:3
BRDA:10,0,0,0
BRDA:10,0,1,0
BRDA:16,1,0,0
BRDA:24,2,0,0
BRDA:24,3,0,0
BRDA:24,3,1,0
BRDA:30,4,0,0
BRDA:30,5,0,0
BRDA:30,5,1,0
BRDA:38,6,0,0
BRF:10
BRH:0
end_of_record
